<?xml version="1.0" encoding="utf-8"?>
<CoverageSession xmlns:xsd="http://www.w3.org/2001/XMLSchema" xmlns:xsi="http://www.w3.org/2001/XMLSchema-instance" Version="4.7.922.0">
  <Summary numSequencePoints="887" visitedSequencePoints="233" numBranchPoints="169" visitedBranchPoints="59" sequenceCoverage="26.27" branchCoverage="34.91" maxCyclomaticComplexity="10" minCyclomaticComplexity="1" maxCrapScore="56" minCrapScore="1" visitedClasses="6" numClasses="14" visitedMethods="35" numMethods="99" />
  <Modules>
    <Module hash="85-B8-89-10-35-04-31-D0-C2-51-4F-12-DE-0E-21-9C-E3-C6-9C-60">
      <Summary numSequencePoints="125" visitedSequencePoints="125" numBranchPoints="13" visitedBranchPoints="13" sequenceCoverage="100" branchCoverage="100" maxCyclomaticComplexity="1" minCyclomaticComplexity="1" maxCrapScore="2" minCrapScore="1" visitedClasses="3" numClasses="3" visitedMethods="13" numMethods="13" />
      <ModulePath>C:\Users\Korisnik\Desktop\BacklogTests\bin\Debug\fine-code-coverage\build-output\BacklogTests.dll</ModulePath>
      <ModuleTime>2022-12-15T05:34:19.7859268Z</ModuleTime>
      <ModuleName>BacklogTests</ModuleName>
      <Files>
        <File uid="1" fullPath="C:\Users\Korisnik\Desktop\BacklogTests\PrijavaTests.cs" />
        <File uid="2" fullPath="C:\Users\Korisnik\Desktop\BacklogTests\RegistracijaTests.cs" />
        <File uid="3" fullPath="C:\Users\Korisnik\Desktop\BacklogTests\PretragaTests.cs" />
      </Files>
      <Classes>
        <Class>
          <Summary numSequencePoints="32" visitedSequencePoints="32" numBranchPoints="4" visitedBranchPoints="4" sequenceCoverage="100" branchCoverage="100" maxCyclomaticComplexity="1" minCyclomaticComplexity="1" maxCrapScore="2" minCrapScore="1" visitedClasses="1" numClasses="1" visitedMethods="4" numMethods="4" />
          <FullName>Test.Tests.PrijavaTests</FullName>
          <Methods>
            <Method visited="true" cyclomaticComplexity="1" nPathComplexity="0" sequenceCoverage="100" branchCoverage="100" crapScore="1" isConstructor="false" isStatic="false" isGetter="false" isSetter="false">
              <Summary numSequencePoints="8" visitedSequencePoints="8" numBranchPoints="1" visitedBranchPoints="1" sequenceCoverage="100" branchCoverage="100" maxCyclomaticComplexity="1" minCyclomaticComplexity="1" maxCrapScore="1" minCrapScore="1" visitedClasses="0" numClasses="0" visitedMethods="1" numMethods="1" />
              <MetadataToken>100663297</MetadataToken>
              <Name>System.Void Test.Tests.PrijavaTests::KrivaLozinkaTest()</Name>
              <FileRef uid="1" />
              <SequencePoints>
                <SequencePoint vc="1" uspid="1" ordinal="0" offset="0" sl="16" sc="9" el="16" ec="10" bec="0" bev="0" fileid="1" />
                <SequencePoint vc="1" uspid="2" ordinal="1" offset="1" sl="17" sc="13" el="17" ec="37" bec="0" bev="0" fileid="1" />
                <SequencePoint vc="1" uspid="3" ordinal="2" offset="7" sl="18" sc="13" el="18" ec="43" bec="0" bev="0" fileid="1" />
                <SequencePoint vc="1" uspid="4" ordinal="3" offset="13" sl="20" sc="13" el="20" ec="49" bec="0" bev="0" fileid="1" />
                <SequencePoint vc="1" uspid="5" ordinal="4" offset="21" sl="22" sc="13" el="22" ec="53" bec="0" bev="0" fileid="1" />
                <SequencePoint vc="1" uspid="6" ordinal="5" offset="27" sl="23" sc="13" el="23" ec="42" bec="0" bev="0" fileid="1" />
                <SequencePoint vc="1" uspid="7" ordinal="6" offset="35" sl="25" sc="13" el="25" ec="47" bec="0" bev="0" fileid="1" />
                <SequencePoint vc="1" uspid="8" ordinal="7" offset="44" sl="26" sc="9" el="26" ec="10" bec="0" bev="0" fileid="1" />
              </SequencePoints>
              <BranchPoints />
              <MethodPoint xsi:type="SequencePoint" vc="1" uspid="1" ordinal="0" offset="0" sl="16" sc="9" el="16" ec="10" bec="0" bev="0" fileid="1" />
            </Method>
            <Method visited="true" cyclomaticComplexity="1" nPathComplexity="0" sequenceCoverage="100" branchCoverage="100" crapScore="1" isConstructor="false" isStatic="false" isGetter="false" isSetter="false">
              <Summary numSequencePoints="8" visitedSequencePoints="8" numBranchPoints="1" visitedBranchPoints="1" sequenceCoverage="100" branchCoverage="100" maxCyclomaticComplexity="1" minCyclomaticComplexity="1" maxCrapScore="1" minCrapScore="1" visitedClasses="0" numClasses="0" visitedMethods="1" numMethods="1" />
              <MetadataToken>100663298</MetadataToken>
              <Name>System.Void Test.Tests.PrijavaTests::KriviUsernameTest()</Name>
              <FileRef uid="1" />
              <SequencePoints>
                <SequencePoint vc="1" uspid="9" ordinal="0" offset="0" sl="30" sc="9" el="30" ec="10" bec="0" bev="0" fileid="1" />
                <SequencePoint vc="1" uspid="10" ordinal="1" offset="1" sl="31" sc="13" el="31" ec="38" bec="0" bev="0" fileid="1" />
                <SequencePoint vc="1" uspid="11" ordinal="2" offset="7" sl="32" sc="13" el="32" ec="37" bec="0" bev="0" fileid="1" />
                <SequencePoint vc="1" uspid="12" ordinal="3" offset="13" sl="34" sc="13" el="34" ec="49" bec="0" bev="0" fileid="1" />
                <SequencePoint vc="1" uspid="13" ordinal="4" offset="21" sl="36" sc="13" el="36" ec="79" bec="0" bev="0" fileid="1" />
                <SequencePoint vc="1" uspid="14" ordinal="5" offset="27" sl="37" sc="13" el="37" ec="42" bec="0" bev="0" fileid="1" />
                <SequencePoint vc="1" uspid="15" ordinal="6" offset="35" sl="39" sc="13" el="39" ec="47" bec="0" bev="0" fileid="1" />
                <SequencePoint vc="1" uspid="16" ordinal="7" offset="44" sl="40" sc="9" el="40" ec="10" bec="0" bev="0" fileid="1" />
              </SequencePoints>
              <BranchPoints />
              <MethodPoint xsi:type="SequencePoint" vc="1" uspid="9" ordinal="0" offset="0" sl="30" sc="9" el="30" ec="10" bec="0" bev="0" fileid="1" />
            </Method>
            <Method visited="true" cyclomaticComplexity="1" nPathComplexity="0" sequenceCoverage="100" branchCoverage="100" crapScore="1" isConstructor="false" isStatic="false" isGetter="false" isSetter="false">
              <Summary numSequencePoints="8" visitedSequencePoints="8" numBranchPoints="1" visitedBranchPoints="1" sequenceCoverage="100" branchCoverage="100" maxCyclomaticComplexity="1" minCyclomaticComplexity="1" maxCrapScore="1" minCrapScore="1" visitedClasses="0" numClasses="0" visitedMethods="1" numMethods="1" />
              <MetadataToken>100663299</MetadataToken>
              <Name>System.Void Test.Tests.PrijavaTests::PraznaPrijavaTest()</Name>
              <FileRef uid="1" />
              <SequencePoints>
                <SequencePoint vc="1" uspid="17" ordinal="0" offset="0" sl="44" sc="9" el="44" ec="10" bec="0" bev="0" fileid="1" />
                <SequencePoint vc="1" uspid="18" ordinal="1" offset="1" sl="45" sc="13" el="45" ec="30" bec="0" bev="0" fileid="1" />
                <SequencePoint vc="1" uspid="19" ordinal="2" offset="7" sl="46" sc="13" el="46" ec="30" bec="0" bev="0" fileid="1" />
                <SequencePoint vc="1" uspid="20" ordinal="3" offset="13" sl="48" sc="13" el="48" ec="49" bec="0" bev="0" fileid="1" />
                <SequencePoint vc="1" uspid="21" ordinal="4" offset="21" sl="50" sc="13" el="50" ec="79" bec="0" bev="0" fileid="1" />
                <SequencePoint vc="1" uspid="22" ordinal="5" offset="27" sl="51" sc="13" el="51" ec="42" bec="0" bev="0" fileid="1" />
                <SequencePoint vc="1" uspid="23" ordinal="6" offset="35" sl="53" sc="13" el="53" ec="47" bec="0" bev="0" fileid="1" />
                <SequencePoint vc="1" uspid="24" ordinal="7" offset="44" sl="54" sc="9" el="54" ec="10" bec="0" bev="0" fileid="1" />
              </SequencePoints>
              <BranchPoints />
              <MethodPoint xsi:type="SequencePoint" vc="1" uspid="17" ordinal="0" offset="0" sl="44" sc="9" el="44" ec="10" bec="0" bev="0" fileid="1" />
            </Method>
            <Method visited="true" cyclomaticComplexity="1" nPathComplexity="0" sequenceCoverage="100" branchCoverage="100" crapScore="1" isConstructor="false" isStatic="false" isGetter="false" isSetter="false">
              <Summary numSequencePoints="8" visitedSequencePoints="8" numBranchPoints="1" visitedBranchPoints="1" sequenceCoverage="100" branchCoverage="100" maxCyclomaticComplexity="1" minCyclomaticComplexity="1" maxCrapScore="1" minCrapScore="1" visitedClasses="0" numClasses="0" visitedMethods="1" numMethods="1" />
              <MetadataToken>100663300</MetadataToken>
              <Name>System.Void Test.Tests.PrijavaTests::UspjesnaPrijavaTest()</Name>
              <FileRef uid="1" />
              <SequencePoints>
                <SequencePoint vc="1" uspid="25" ordinal="0" offset="0" sl="58" sc="9" el="58" ec="10" bec="0" bev="0" fileid="1" />
                <SequencePoint vc="1" uspid="26" ordinal="1" offset="1" sl="59" sc="13" el="59" ec="37" bec="0" bev="0" fileid="1" />
                <SequencePoint vc="1" uspid="27" ordinal="2" offset="7" sl="60" sc="13" el="60" ec="37" bec="0" bev="0" fileid="1" />
                <SequencePoint vc="1" uspid="28" ordinal="3" offset="13" sl="62" sc="13" el="62" ec="49" bec="0" bev="0" fileid="1" />
                <SequencePoint vc="1" uspid="29" ordinal="4" offset="21" sl="64" sc="13" el="64" ec="45" bec="0" bev="0" fileid="1" />
                <SequencePoint vc="1" uspid="30" ordinal="5" offset="27" sl="65" sc="13" el="65" ec="42" bec="0" bev="0" fileid="1" />
                <SequencePoint vc="1" uspid="31" ordinal="6" offset="35" sl="67" sc="13" el="67" ec="47" bec="0" bev="0" fileid="1" />
                <SequencePoint vc="1" uspid="32" ordinal="7" offset="44" sl="68" sc="9" el="68" ec="10" bec="0" bev="0" fileid="1" />
              </SequencePoints>
              <BranchPoints />
              <MethodPoint xsi:type="SequencePoint" vc="1" uspid="25" ordinal="0" offset="0" sl="58" sc="9" el="58" ec="10" bec="0" bev="0" fileid="1" />
            </Method>
            <Method visited="false" cyclomaticComplexity="1" nPathComplexity="0" sequenceCoverage="0" branchCoverage="0" crapScore="2" isConstructor="true" isStatic="false" isGetter="false" isSetter="false">
              <Summary numSequencePoints="0" visitedSequencePoints="0" numBranchPoints="0" visitedBranchPoints="0" sequenceCoverage="0" branchCoverage="0" maxCyclomaticComplexity="1" minCyclomaticComplexity="1" maxCrapScore="2" minCrapScore="2" visitedClasses="0" numClasses="0" visitedMethods="0" numMethods="0" />
              <MetadataToken>100663301</MetadataToken>
              <Name>System.Void Test.Tests.PrijavaTests::.ctor()</Name>
              <SequencePoints />
              <BranchPoints />
              <MethodPoint vc="0" uspid="33" ordinal="0" offset="0" />
            </Method>
          </Methods>
        </Class>
        <Class>
          <Summary numSequencePoints="87" visitedSequencePoints="87" numBranchPoints="8" visitedBranchPoints="8" sequenceCoverage="100" branchCoverage="100" maxCyclomaticComplexity="1" minCyclomaticComplexity="1" maxCrapScore="2" minCrapScore="1" visitedClasses="1" numClasses="1" visitedMethods="8" numMethods="8" />
          <FullName>Test.Tests.RegistracijaTests</FullName>
          <Methods>
            <Method visited="true" cyclomaticComplexity="1" nPathComplexity="0" sequenceCoverage="100" branchCoverage="100" crapScore="1" isConstructor="false" isStatic="false" isGetter="false" isSetter="false">
              <Summary numSequencePoints="11" visitedSequencePoints="11" numBranchPoints="1" visitedBranchPoints="1" sequenceCoverage="100" branchCoverage="100" maxCyclomaticComplexity="1" minCyclomaticComplexity="1" maxCrapScore="1" minCrapScore="1" visitedClasses="0" numClasses="0" visitedMethods="1" numMethods="1" />
              <MetadataToken>100663302</MetadataToken>
              <Name>System.Void Test.Tests.RegistracijaTests::RegistracijaOK()</Name>
              <FileRef uid="2" />
              <SequencePoints>
                <SequencePoint vc="1" uspid="34" ordinal="0" offset="0" sl="16" sc="9" el="16" ec="10" bec="0" bev="0" fileid="2" />
                <SequencePoint vc="1" uspid="35" ordinal="1" offset="1" sl="17" sc="13" el="17" ec="32" bec="0" bev="0" fileid="2" />
                <SequencePoint vc="1" uspid="36" ordinal="2" offset="7" sl="18" sc="13" el="18" ec="40" bec="0" bev="0" fileid="2" />
                <SequencePoint vc="1" uspid="37" ordinal="3" offset="13" sl="19" sc="13" el="19" ec="38" bec="0" bev="0" fileid="2" />
                <SequencePoint vc="1" uspid="38" ordinal="4" offset="19" sl="20" sc="13" el="20" ec="38" bec="0" bev="0" fileid="2" />
                <SequencePoint vc="1" uspid="39" ordinal="5" offset="25" sl="21" sc="13" el="21" ec="39" bec="0" bev="0" fileid="2" />
                <SequencePoint vc="1" uspid="40" ordinal="6" offset="32" sl="23" sc="13" el="23" ec="82" bec="0" bev="0" fileid="2" />
                <SequencePoint vc="1" uspid="41" ordinal="7" offset="45" sl="25" sc="13" el="25" ec="64" bec="0" bev="0" fileid="2" />
                <SequencePoint vc="1" uspid="42" ordinal="8" offset="52" sl="26" sc="13" el="26" ec="44" bec="0" bev="0" fileid="2" />
                <SequencePoint vc="1" uspid="43" ordinal="9" offset="61" sl="28" sc="13" el="28" ec="47" bec="0" bev="0" fileid="2" />
                <SequencePoint vc="1" uspid="44" ordinal="10" offset="71" sl="29" sc="9" el="29" ec="10" bec="0" bev="0" fileid="2" />
              </SequencePoints>
              <BranchPoints />
              <MethodPoint xsi:type="SequencePoint" vc="1" uspid="34" ordinal="0" offset="0" sl="16" sc="9" el="16" ec="10" bec="0" bev="0" fileid="2" />
            </Method>
            <Method visited="true" cyclomaticComplexity="1" nPathComplexity="0" sequenceCoverage="100" branchCoverage="100" crapScore="1" isConstructor="false" isStatic="false" isGetter="false" isSetter="false">
              <Summary numSequencePoints="11" visitedSequencePoints="11" numBranchPoints="1" visitedBranchPoints="1" sequenceCoverage="100" branchCoverage="100" maxCyclomaticComplexity="1" minCyclomaticComplexity="1" maxCrapScore="1" minCrapScore="1" visitedClasses="0" numClasses="0" visitedMethods="1" numMethods="1" />
              <MetadataToken>100663303</MetadataToken>
              <Name>System.Void Test.Tests.RegistracijaTests::PraznoImeGreska()</Name>
              <FileRef uid="2" />
              <SequencePoints>
                <SequencePoint vc="1" uspid="45" ordinal="0" offset="0" sl="33" sc="9" el="33" ec="10" bec="0" bev="0" fileid="2" />
                <SequencePoint vc="1" uspid="46" ordinal="1" offset="1" sl="34" sc="13" el="34" ec="29" bec="0" bev="0" fileid="2" />
                <SequencePoint vc="1" uspid="47" ordinal="2" offset="7" sl="35" sc="13" el="35" ec="40" bec="0" bev="0" fileid="2" />
                <SequencePoint vc="1" uspid="48" ordinal="3" offset="13" sl="36" sc="13" el="36" ec="38" bec="0" bev="0" fileid="2" />
                <SequencePoint vc="1" uspid="49" ordinal="4" offset="19" sl="37" sc="13" el="37" ec="38" bec="0" bev="0" fileid="2" />
                <SequencePoint vc="1" uspid="50" ordinal="5" offset="25" sl="38" sc="13" el="38" ec="39" bec="0" bev="0" fileid="2" />
                <SequencePoint vc="1" uspid="51" ordinal="6" offset="32" sl="40" sc="13" el="40" ec="82" bec="0" bev="0" fileid="2" />
                <SequencePoint vc="1" uspid="52" ordinal="7" offset="45" sl="42" sc="13" el="42" ec="76" bec="0" bev="0" fileid="2" />
                <SequencePoint vc="1" uspid="53" ordinal="8" offset="52" sl="43" sc="13" el="43" ec="44" bec="0" bev="0" fileid="2" />
                <SequencePoint vc="1" uspid="54" ordinal="9" offset="61" sl="45" sc="13" el="45" ec="47" bec="0" bev="0" fileid="2" />
                <SequencePoint vc="1" uspid="55" ordinal="10" offset="71" sl="46" sc="9" el="46" ec="10" bec="0" bev="0" fileid="2" />
              </SequencePoints>
              <BranchPoints />
              <MethodPoint xsi:type="SequencePoint" vc="1" uspid="45" ordinal="0" offset="0" sl="33" sc="9" el="33" ec="10" bec="0" bev="0" fileid="2" />
            </Method>
            <Method visited="true" cyclomaticComplexity="1" nPathComplexity="0" sequenceCoverage="100" branchCoverage="100" crapScore="1" isConstructor="false" isStatic="false" isGetter="false" isSetter="false">
              <Summary numSequencePoints="11" visitedSequencePoints="11" numBranchPoints="1" visitedBranchPoints="1" sequenceCoverage="100" branchCoverage="100" maxCyclomaticComplexity="1" minCyclomaticComplexity="1" maxCrapScore="1" minCrapScore="1" visitedClasses="0" numClasses="0" visitedMethods="1" numMethods="1" />
              <MetadataToken>100663304</MetadataToken>
              <Name>System.Void Test.Tests.RegistracijaTests::PraznoPrezimeGreska()</Name>
              <FileRef uid="2" />
              <SequencePoints>
                <SequencePoint vc="1" uspid="56" ordinal="0" offset="0" sl="50" sc="9" el="50" ec="10" bec="0" bev="0" fileid="2" />
                <SequencePoint vc="1" uspid="57" ordinal="1" offset="1" sl="51" sc="13" el="51" ec="32" bec="0" bev="0" fileid="2" />
                <SequencePoint vc="1" uspid="58" ordinal="2" offset="7" sl="52" sc="13" el="52" ec="33" bec="0" bev="0" fileid="2" />
                <SequencePoint vc="1" uspid="59" ordinal="3" offset="13" sl="53" sc="13" el="53" ec="38" bec="0" bev="0" fileid="2" />
                <SequencePoint vc="1" uspid="60" ordinal="4" offset="19" sl="54" sc="13" el="54" ec="38" bec="0" bev="0" fileid="2" />
                <SequencePoint vc="1" uspid="61" ordinal="5" offset="25" sl="55" sc="13" el="55" ec="39" bec="0" bev="0" fileid="2" />
                <SequencePoint vc="1" uspid="62" ordinal="6" offset="32" sl="57" sc="13" el="57" ec="82" bec="0" bev="0" fileid="2" />
                <SequencePoint vc="1" uspid="63" ordinal="7" offset="45" sl="59" sc="13" el="59" ec="80" bec="0" bev="0" fileid="2" />
                <SequencePoint vc="1" uspid="64" ordinal="8" offset="52" sl="60" sc="13" el="60" ec="44" bec="0" bev="0" fileid="2" />
                <SequencePoint vc="1" uspid="65" ordinal="9" offset="61" sl="62" sc="13" el="62" ec="47" bec="0" bev="0" fileid="2" />
                <SequencePoint vc="1" uspid="66" ordinal="10" offset="71" sl="63" sc="9" el="63" ec="10" bec="0" bev="0" fileid="2" />
              </SequencePoints>
              <BranchPoints />
              <MethodPoint xsi:type="SequencePoint" vc="1" uspid="56" ordinal="0" offset="0" sl="50" sc="9" el="50" ec="10" bec="0" bev="0" fileid="2" />
            </Method>
            <Method visited="true" cyclomaticComplexity="1" nPathComplexity="0" sequenceCoverage="100" branchCoverage="100" crapScore="1" isConstructor="false" isStatic="false" isGetter="false" isSetter="false">
              <Summary numSequencePoints="11" visitedSequencePoints="11" numBranchPoints="1" visitedBranchPoints="1" sequenceCoverage="100" branchCoverage="100" maxCyclomaticComplexity="1" minCyclomaticComplexity="1" maxCrapScore="1" minCrapScore="1" visitedClasses="0" numClasses="0" visitedMethods="1" numMethods="1" />
              <MetadataToken>100663305</MetadataToken>
              <Name>System.Void Test.Tests.RegistracijaTests::UsernameGreska()</Name>
              <FileRef uid="2" />
              <SequencePoints>
                <SequencePoint vc="1" uspid="67" ordinal="0" offset="0" sl="67" sc="9" el="67" ec="10" bec="0" bev="0" fileid="2" />
                <SequencePoint vc="1" uspid="68" ordinal="1" offset="1" sl="68" sc="13" el="68" ec="32" bec="0" bev="0" fileid="2" />
                <SequencePoint vc="1" uspid="69" ordinal="2" offset="7" sl="69" sc="13" el="69" ec="40" bec="0" bev="0" fileid="2" />
                <SequencePoint vc="1" uspid="70" ordinal="3" offset="13" sl="70" sc="13" el="70" ec="31" bec="0" bev="0" fileid="2" />
                <SequencePoint vc="1" uspid="71" ordinal="4" offset="19" sl="71" sc="13" el="71" ec="38" bec="0" bev="0" fileid="2" />
                <SequencePoint vc="1" uspid="72" ordinal="5" offset="25" sl="72" sc="13" el="72" ec="39" bec="0" bev="0" fileid="2" />
                <SequencePoint vc="1" uspid="73" ordinal="6" offset="32" sl="74" sc="13" el="74" ec="82" bec="0" bev="0" fileid="2" />
                <SequencePoint vc="1" uspid="74" ordinal="7" offset="45" sl="76" sc="13" el="76" ec="87" bec="0" bev="0" fileid="2" />
                <SequencePoint vc="1" uspid="75" ordinal="8" offset="52" sl="77" sc="13" el="77" ec="44" bec="0" bev="0" fileid="2" />
                <SequencePoint vc="1" uspid="76" ordinal="9" offset="61" sl="79" sc="13" el="79" ec="47" bec="0" bev="0" fileid="2" />
                <SequencePoint vc="1" uspid="77" ordinal="10" offset="71" sl="80" sc="9" el="80" ec="10" bec="0" bev="0" fileid="2" />
              </SequencePoints>
              <BranchPoints />
              <MethodPoint xsi:type="SequencePoint" vc="1" uspid="67" ordinal="0" offset="0" sl="67" sc="9" el="67" ec="10" bec="0" bev="0" fileid="2" />
            </Method>
            <Method visited="true" cyclomaticComplexity="1" nPathComplexity="0" sequenceCoverage="100" branchCoverage="100" crapScore="1" isConstructor="false" isStatic="false" isGetter="false" isSetter="false">
              <Summary numSequencePoints="11" visitedSequencePoints="11" numBranchPoints="1" visitedBranchPoints="1" sequenceCoverage="100" branchCoverage="100" maxCyclomaticComplexity="1" minCyclomaticComplexity="1" maxCrapScore="1" minCrapScore="1" visitedClasses="0" numClasses="0" visitedMethods="1" numMethods="1" />
              <MetadataToken>100663306</MetadataToken>
              <Name>System.Void Test.Tests.RegistracijaTests::RazliciteLozinkeTest()</Name>
              <FileRef uid="2" />
              <SequencePoints>
                <SequencePoint vc="1" uspid="78" ordinal="0" offset="0" sl="84" sc="9" el="84" ec="10" bec="0" bev="0" fileid="2" />
                <SequencePoint vc="1" uspid="79" ordinal="1" offset="1" sl="85" sc="13" el="85" ec="32" bec="0" bev="0" fileid="2" />
                <SequencePoint vc="1" uspid="80" ordinal="2" offset="7" sl="86" sc="13" el="86" ec="40" bec="0" bev="0" fileid="2" />
                <SequencePoint vc="1" uspid="81" ordinal="3" offset="13" sl="87" sc="13" el="87" ec="38" bec="0" bev="0" fileid="2" />
                <SequencePoint vc="1" uspid="82" ordinal="4" offset="19" sl="88" sc="13" el="88" ec="38" bec="0" bev="0" fileid="2" />
                <SequencePoint vc="1" uspid="83" ordinal="5" offset="25" sl="89" sc="13" el="89" ec="40" bec="0" bev="0" fileid="2" />
                <SequencePoint vc="1" uspid="84" ordinal="6" offset="32" sl="91" sc="13" el="91" ec="82" bec="0" bev="0" fileid="2" />
                <SequencePoint vc="1" uspid="85" ordinal="7" offset="45" sl="93" sc="13" el="93" ec="63" bec="0" bev="0" fileid="2" />
                <SequencePoint vc="1" uspid="86" ordinal="8" offset="52" sl="94" sc="13" el="94" ec="44" bec="0" bev="0" fileid="2" />
                <SequencePoint vc="1" uspid="87" ordinal="9" offset="61" sl="96" sc="13" el="96" ec="47" bec="0" bev="0" fileid="2" />
                <SequencePoint vc="1" uspid="88" ordinal="10" offset="71" sl="97" sc="9" el="97" ec="10" bec="0" bev="0" fileid="2" />
              </SequencePoints>
              <BranchPoints />
              <MethodPoint xsi:type="SequencePoint" vc="1" uspid="78" ordinal="0" offset="0" sl="84" sc="9" el="84" ec="10" bec="0" bev="0" fileid="2" />
            </Method>
            <Method visited="true" cyclomaticComplexity="1" nPathComplexity="0" sequenceCoverage="100" branchCoverage="100" crapScore="1" isConstructor="false" isStatic="false" isGetter="false" isSetter="false">
              <Summary numSequencePoints="11" visitedSequencePoints="11" numBranchPoints="1" visitedBranchPoints="1" sequenceCoverage="100" branchCoverage="100" maxCyclomaticComplexity="1" minCyclomaticComplexity="1" maxCrapScore="1" minCrapScore="1" visitedClasses="0" numClasses="0" visitedMethods="1" numMethods="1" />
              <MetadataToken>100663307</MetadataToken>
              <Name>System.Void Test.Tests.RegistracijaTests::uNameZauzetTest()</Name>
              <FileRef uid="2" />
              <SequencePoints>
                <SequencePoint vc="1" uspid="89" ordinal="0" offset="0" sl="101" sc="9" el="101" ec="10" bec="0" bev="0" fileid="2" />
                <SequencePoint vc="1" uspid="90" ordinal="1" offset="1" sl="102" sc="13" el="102" ec="32" bec="0" bev="0" fileid="2" />
                <SequencePoint vc="1" uspid="91" ordinal="2" offset="7" sl="103" sc="13" el="103" ec="40" bec="0" bev="0" fileid="2" />
                <SequencePoint vc="1" uspid="92" ordinal="3" offset="13" sl="104" sc="13" el="104" ec="37" bec="0" bev="0" fileid="2" />
                <SequencePoint vc="1" uspid="93" ordinal="4" offset="19" sl="105" sc="13" el="105" ec="38" bec="0" bev="0" fileid="2" />
                <SequencePoint vc="1" uspid="94" ordinal="5" offset="25" sl="106" sc="13" el="106" ec="39" bec="0" bev="0" fileid="2" />
                <SequencePoint vc="1" uspid="95" ordinal="6" offset="32" sl="108" sc="13" el="108" ec="82" bec="0" bev="0" fileid="2" />
                <SequencePoint vc="1" uspid="96" ordinal="7" offset="45" sl="110" sc="13" el="110" ec="92" bec="0" bev="0" fileid="2" />
                <SequencePoint vc="1" uspid="97" ordinal="8" offset="52" sl="111" sc="13" el="111" ec="47" bec="0" bev="0" fileid="2" />
                <SequencePoint vc="1" uspid="98" ordinal="9" offset="61" sl="113" sc="13" el="113" ec="47" bec="0" bev="0" fileid="2" />
                <SequencePoint vc="1" uspid="99" ordinal="10" offset="71" sl="114" sc="9" el="114" ec="10" bec="0" bev="0" fileid="2" />
              </SequencePoints>
              <BranchPoints />
              <MethodPoint xsi:type="SequencePoint" vc="1" uspid="89" ordinal="0" offset="0" sl="101" sc="9" el="101" ec="10" bec="0" bev="0" fileid="2" />
            </Method>
            <Method visited="true" cyclomaticComplexity="1" nPathComplexity="0" sequenceCoverage="100" branchCoverage="100" crapScore="1" isConstructor="false" isStatic="false" isGetter="false" isSetter="false">
              <Summary numSequencePoints="11" visitedSequencePoints="11" numBranchPoints="1" visitedBranchPoints="1" sequenceCoverage="100" branchCoverage="100" maxCyclomaticComplexity="1" minCyclomaticComplexity="1" maxCrapScore="1" minCrapScore="1" visitedClasses="0" numClasses="0" visitedMethods="1" numMethods="1" />
              <MetadataToken>100663308</MetadataToken>
              <Name>System.Void Test.Tests.RegistracijaTests::uNameNijeZauzetTest()</Name>
              <FileRef uid="2" />
              <SequencePoints>
                <SequencePoint vc="1" uspid="100" ordinal="0" offset="0" sl="118" sc="9" el="118" ec="10" bec="0" bev="0" fileid="2" />
                <SequencePoint vc="1" uspid="101" ordinal="1" offset="1" sl="119" sc="13" el="119" ec="32" bec="0" bev="0" fileid="2" />
                <SequencePoint vc="1" uspid="102" ordinal="2" offset="7" sl="120" sc="13" el="120" ec="40" bec="0" bev="0" fileid="2" />
                <SequencePoint vc="1" uspid="103" ordinal="3" offset="13" sl="121" sc="13" el="121" ec="39" bec="0" bev="0" fileid="2" />
                <SequencePoint vc="1" uspid="104" ordinal="4" offset="19" sl="122" sc="13" el="122" ec="38" bec="0" bev="0" fileid="2" />
                <SequencePoint vc="1" uspid="105" ordinal="5" offset="25" sl="123" sc="13" el="123" ec="39" bec="0" bev="0" fileid="2" />
                <SequencePoint vc="1" uspid="106" ordinal="6" offset="32" sl="125" sc="13" el="125" ec="82" bec="0" bev="0" fileid="2" />
                <SequencePoint vc="1" uspid="107" ordinal="7" offset="45" sl="127" sc="13" el="127" ec="46" bec="0" bev="0" fileid="2" />
                <SequencePoint vc="1" uspid="108" ordinal="8" offset="52" sl="128" sc="13" el="128" ec="47" bec="0" bev="0" fileid="2" />
                <SequencePoint vc="1" uspid="109" ordinal="9" offset="61" sl="130" sc="13" el="130" ec="47" bec="0" bev="0" fileid="2" />
                <SequencePoint vc="1" uspid="110" ordinal="10" offset="71" sl="131" sc="9" el="131" ec="10" bec="0" bev="0" fileid="2" />
              </SequencePoints>
              <BranchPoints />
              <MethodPoint xsi:type="SequencePoint" vc="1" uspid="100" ordinal="0" offset="0" sl="118" sc="9" el="118" ec="10" bec="0" bev="0" fileid="2" />
            </Method>
            <Method visited="true" cyclomaticComplexity="1" nPathComplexity="0" sequenceCoverage="100" branchCoverage="100" crapScore="1" isConstructor="false" isStatic="false" isGetter="false" isSetter="false">
              <Summary numSequencePoints="10" visitedSequencePoints="10" numBranchPoints="1" visitedBranchPoints="1" sequenceCoverage="100" branchCoverage="100" maxCyclomaticComplexity="1" minCyclomaticComplexity="1" maxCrapScore="1" minCrapScore="1" visitedClasses="0" numClasses="0" visitedMethods="1" numMethods="1" />
              <MetadataToken>100663309</MetadataToken>
              <Name>System.Void Test.Tests.RegistracijaTests::noviKorisnikTest()</Name>
              <FileRef uid="2" />
              <SequencePoints>
                <SequencePoint vc="1" uspid="111" ordinal="0" offset="0" sl="135" sc="9" el="135" ec="10" bec="0" bev="0" fileid="2" />
                <SequencePoint vc="1" uspid="112" ordinal="1" offset="1" sl="136" sc="13" el="136" ec="32" bec="0" bev="0" fileid="2" />
                <SequencePoint vc="1" uspid="113" ordinal="2" offset="7" sl="137" sc="13" el="137" ec="40" bec="0" bev="0" fileid="2" />
                <SequencePoint vc="1" uspid="114" ordinal="3" offset="13" sl="138" sc="13" el="138" ec="38" bec="0" bev="0" fileid="2" />
                <SequencePoint vc="1" uspid="115" ordinal="4" offset="19" sl="139" sc="13" el="139" ec="38" bec="0" bev="0" fileid="2" />
                <SequencePoint vc="1" uspid="116" ordinal="5" offset="25" sl="140" sc="13" el="140" ec="40" bec="0" bev="0" fileid="2" />
                <SequencePoint vc="1" uspid="117" ordinal="6" offset="32" sl="142" sc="13" el="142" ec="82" bec="0" bev="0" fileid="2" />
                <SequencePoint vc="1" uspid="118" ordinal="7" offset="45" sl="144" sc="13" el="144" ec="42" bec="0" bev="0" fileid="2" />
                <SequencePoint vc="1" uspid="119" ordinal="8" offset="54" sl="145" sc="13" el="145" ec="31" bec="0" bev="0" fileid="2" />
                <SequencePoint vc="1" uspid="120" ordinal="9" offset="62" sl="146" sc="9" el="146" ec="10" bec="0" bev="0" fileid="2" />
              </SequencePoints>
              <BranchPoints />
              <MethodPoint xsi:type="SequencePoint" vc="1" uspid="111" ordinal="0" offset="0" sl="135" sc="9" el="135" ec="10" bec="0" bev="0" fileid="2" />
            </Method>
            <Method visited="false" cyclomaticComplexity="1" nPathComplexity="0" sequenceCoverage="0" branchCoverage="0" crapScore="2" isConstructor="true" isStatic="false" isGetter="false" isSetter="false">
              <Summary numSequencePoints="0" visitedSequencePoints="0" numBranchPoints="0" visitedBranchPoints="0" sequenceCoverage="0" branchCoverage="0" maxCyclomaticComplexity="1" minCyclomaticComplexity="1" maxCrapScore="2" minCrapScore="2" visitedClasses="0" numClasses="0" visitedMethods="0" numMethods="0" />
              <MetadataToken>100663310</MetadataToken>
              <Name>System.Void Test.Tests.RegistracijaTests::.ctor()</Name>
              <SequencePoints />
              <BranchPoints />
              <MethodPoint vc="0" uspid="121" ordinal="0" offset="0" />
            </Method>
          </Methods>
        </Class>
        <Class>
          <Summary numSequencePoints="6" visitedSequencePoints="6" numBranchPoints="1" visitedBranchPoints="1" sequenceCoverage="100" branchCoverage="100" maxCyclomaticComplexity="1" minCyclomaticComplexity="1" maxCrapScore="2" minCrapScore="1" visitedClasses="1" numClasses="1" visitedMethods="1" numMethods="1" />
          <FullName>Backlog.Tests.PretragaTests</FullName>
          <Methods>
            <Method visited="true" cyclomaticComplexity="1" nPathComplexity="0" sequenceCoverage="100" branchCoverage="100" crapScore="1" isConstructor="false" isStatic="false" isGetter="false" isSetter="false">
              <Summary numSequencePoints="6" visitedSequencePoints="6" numBranchPoints="1" visitedBranchPoints="1" sequenceCoverage="100" branchCoverage="100" maxCyclomaticComplexity="1" minCyclomaticComplexity="1" maxCrapScore="1" minCrapScore="1" visitedClasses="0" numClasses="0" visitedMethods="1" numMethods="1" />
              <MetadataToken>100663311</MetadataToken>
              <Name>System.Void Backlog.Tests.PretragaTests::UcitajZanroveTest()</Name>
              <FileRef uid="3" />
              <SequencePoints>
                <SequencePoint vc="1" uspid="122" ordinal="0" offset="0" sl="16" sc="9" el="16" ec="10" bec="0" bev="0" fileid="3" />
                <SequencePoint vc="1" uspid="123" ordinal="1" offset="1" sl="17" sc="13" el="17" ec="194" bec="0" bev="0" fileid="3" />
                <SequencePoint vc="1" uspid="124" ordinal="2" offset="151" sl="18" sc="13" el="18" ec="41" bec="0" bev="0" fileid="3" />
                <SequencePoint vc="1" uspid="125" ordinal="3" offset="157" sl="19" sc="13" el="19" ec="58" bec="0" bev="0" fileid="3" />
                <SequencePoint vc="1" uspid="126" ordinal="4" offset="164" sl="21" sc="13" el="21" ec="61" bec="0" bev="0" fileid="3" />
                <SequencePoint vc="1" uspid="127" ordinal="5" offset="172" sl="22" sc="9" el="22" ec="10" bec="0" bev="0" fileid="3" />
              </SequencePoints>
              <BranchPoints />
              <MethodPoint xsi:type="SequencePoint" vc="1" uspid="122" ordinal="0" offset="0" sl="16" sc="9" el="16" ec="10" bec="0" bev="0" fileid="3" />
            </Method>
            <Method visited="false" cyclomaticComplexity="1" nPathComplexity="0" sequenceCoverage="0" branchCoverage="0" crapScore="2" isConstructor="true" isStatic="false" isGetter="false" isSetter="false">
              <Summary numSequencePoints="0" visitedSequencePoints="0" numBranchPoints="0" visitedBranchPoints="0" sequenceCoverage="0" branchCoverage="0" maxCyclomaticComplexity="1" minCyclomaticComplexity="1" maxCrapScore="2" minCrapScore="2" visitedClasses="0" numClasses="0" visitedMethods="0" numMethods="0" />
              <MetadataToken>100663312</MetadataToken>
              <Name>System.Void Backlog.Tests.PretragaTests::.ctor()</Name>
              <SequencePoints />
              <BranchPoints />
              <MethodPoint vc="0" uspid="128" ordinal="0" offset="0" />
            </Method>
          </Methods>
        </Class>
      </Classes>
    </Module>
    <Module hash="31-D8-80-D8-9F-B6-5C-70-8C-58-6A-15-0C-90-A6-EF-38-D3-B8-AB">
      <Summary numSequencePoints="762" visitedSequencePoints="108" numBranchPoints="156" visitedBranchPoints="46" sequenceCoverage="14.17" branchCoverage="29.49" maxCyclomaticComplexity="10" minCyclomaticComplexity="1" maxCrapScore="56" minCrapScore="1" visitedClasses="3" numClasses="11" visitedMethods="22" numMethods="86" />
      <ModulePath>C:\Users\Korisnik\Desktop\BacklogTests\bin\Debug\fine-code-coverage\build-output\Test.exe</ModulePath>
      <ModuleTime>2022-12-15T05:29:41.2009701Z</ModuleTime>
      <ModuleName>Test</ModuleName>
      <Files>
        <File uid="7" fullPath="C:\Users\Korisnik\Desktop\UPI_projekt\Prijava.cs" />
        <File uid="9" fullPath="C:\Users\Korisnik\Desktop\UPI_projekt\Registracija.cs" />
        <File uid="10" fullPath="C:\Users\Korisnik\Desktop\UPI_projekt\CueProvider.cs" />
        <File uid="11" fullPath="C:\Users\Korisnik\Desktop\UPI_projekt\Komunikacija.cs" />
        <File uid="13" fullPath="C:\Users\Korisnik\Desktop\UPI_projekt\Login.Designer.cs" />
        <File uid="14" fullPath="C:\Users\Korisnik\Desktop\UPI_projekt\Login.cs" />
        <File uid="15" fullPath="C:\Users\Korisnik\Desktop\UPI_projekt\MainAdmin.Designer.cs" />
        <File uid="17" fullPath="C:\Users\Korisnik\Desktop\UPI_projekt\MainUser.cs" />
        <File uid="18" fullPath="C:\Users\Korisnik\Desktop\UPI_projekt\MainUser.Designer.cs" />
        <File uid="19" fullPath="C:\Users\Korisnik\Desktop\UPI_projekt\Program.cs" />
        <File uid="20" fullPath="C:\Users\Korisnik\Desktop\UPI_projekt\Register.Designer.cs" />
        <File uid="21" fullPath="C:\Users\Korisnik\Desktop\UPI_projekt\Register.cs" />
      </Files>
      <Classes>
        <Class>
          <Summary numSequencePoints="63" visitedSequencePoints="33" numBranchPoints="13" visitedBranchPoints="10" sequenceCoverage="52.38" branchCoverage="76.92" maxCyclomaticComplexity="3" minCyclomaticComplexity="1" maxCrapScore="6" minCrapScore="1" visitedClasses="1" numClasses="1" visitedMethods="6" numMethods="7" />
          <FullName>Test.Prijava</FullName>
          <Methods>
            <Method visited="true" cyclomaticComplexity="1" nPathComplexity="0" sequenceCoverage="100" branchCoverage="100" crapScore="1" isConstructor="false" isStatic="false" isGetter="true" isSetter="false">
              <Summary numSequencePoints="1" visitedSequencePoints="1" numBranchPoints="1" visitedBranchPoints="1" sequenceCoverage="100" branchCoverage="100" maxCyclomaticComplexity="1" minCyclomaticComplexity="1" maxCrapScore="1" minCrapScore="1" visitedClasses="0" numClasses="0" visitedMethods="1" numMethods="1" />
              <MetadataToken>100663297</MetadataToken>
              <Name>System.String Test.Prijava::get_uName()</Name>
              <FileRef uid="7" />
              <SequencePoints>
                <SequencePoint vc="6" uspid="129" ordinal="0" offset="0" sl="18" sc="31" el="18" ec="35" bec="0" bev="0" fileid="7" />
              </SequencePoints>
              <BranchPoints />
              <MethodPoint xsi:type="SequencePoint" vc="6" uspid="129" ordinal="0" offset="0" sl="18" sc="31" el="18" ec="35" bec="0" bev="0" fileid="7" />
            </Method>
            <Method visited="true" cyclomaticComplexity="1" nPathComplexity="0" sequenceCoverage="100" branchCoverage="100" crapScore="1" isConstructor="false" isStatic="false" isGetter="false" isSetter="true">
              <Summary numSequencePoints="1" visitedSequencePoints="1" numBranchPoints="1" visitedBranchPoints="1" sequenceCoverage="100" branchCoverage="100" maxCyclomaticComplexity="1" minCyclomaticComplexity="1" maxCrapScore="1" minCrapScore="1" visitedClasses="0" numClasses="0" visitedMethods="1" numMethods="1" />
              <MetadataToken>100663298</MetadataToken>
              <Name>System.Void Test.Prijava::set_uName(System.String)</Name>
              <FileRef uid="7" />
              <SequencePoints>
                <SequencePoint vc="4" uspid="130" ordinal="0" offset="0" sl="18" sc="36" el="18" ec="48" bec="0" bev="0" fileid="7" />
              </SequencePoints>
              <BranchPoints />
              <MethodPoint xsi:type="SequencePoint" vc="4" uspid="130" ordinal="0" offset="0" sl="18" sc="36" el="18" ec="48" bec="0" bev="0" fileid="7" />
            </Method>
            <Method visited="true" cyclomaticComplexity="1" nPathComplexity="0" sequenceCoverage="100" branchCoverage="100" crapScore="1" isConstructor="false" isStatic="false" isGetter="true" isSetter="false">
              <Summary numSequencePoints="1" visitedSequencePoints="1" numBranchPoints="1" visitedBranchPoints="1" sequenceCoverage="100" branchCoverage="100" maxCyclomaticComplexity="1" minCyclomaticComplexity="1" maxCrapScore="1" minCrapScore="1" visitedClasses="0" numClasses="0" visitedMethods="1" numMethods="1" />
              <MetadataToken>100663299</MetadataToken>
              <Name>System.String Test.Prijava::get_pass()</Name>
              <FileRef uid="7" />
              <SequencePoints>
                <SequencePoint vc="2" uspid="131" ordinal="0" offset="0" sl="19" sc="30" el="19" ec="34" bec="0" bev="0" fileid="7" />
              </SequencePoints>
              <BranchPoints />
              <MethodPoint xsi:type="SequencePoint" vc="2" uspid="131" ordinal="0" offset="0" sl="19" sc="30" el="19" ec="34" bec="0" bev="0" fileid="7" />
            </Method>
            <Method visited="true" cyclomaticComplexity="1" nPathComplexity="0" sequenceCoverage="100" branchCoverage="100" crapScore="1" isConstructor="false" isStatic="false" isGetter="false" isSetter="true">
              <Summary numSequencePoints="1" visitedSequencePoints="1" numBranchPoints="1" visitedBranchPoints="1" sequenceCoverage="100" branchCoverage="100" maxCyclomaticComplexity="1" minCyclomaticComplexity="1" maxCrapScore="1" minCrapScore="1" visitedClasses="0" numClasses="0" visitedMethods="1" numMethods="1" />
              <MetadataToken>100663300</MetadataToken>
              <Name>System.Void Test.Prijava::set_pass(System.String)</Name>
              <FileRef uid="7" />
              <SequencePoints>
                <SequencePoint vc="4" uspid="132" ordinal="0" offset="0" sl="19" sc="35" el="19" ec="47" bec="0" bev="0" fileid="7" />
              </SequencePoints>
              <BranchPoints />
              <MethodPoint xsi:type="SequencePoint" vc="4" uspid="132" ordinal="0" offset="0" sl="19" sc="35" el="19" ec="47" bec="0" bev="0" fileid="7" />
            </Method>
            <Method visited="true" cyclomaticComplexity="1" nPathComplexity="0" sequenceCoverage="100" branchCoverage="100" crapScore="1" isConstructor="true" isStatic="false" isGetter="false" isSetter="false">
              <Summary numSequencePoints="8" visitedSequencePoints="8" numBranchPoints="1" visitedBranchPoints="1" sequenceCoverage="100" branchCoverage="100" maxCyclomaticComplexity="1" minCyclomaticComplexity="1" maxCrapScore="1" minCrapScore="1" visitedClasses="0" numClasses="0" visitedMethods="1" numMethods="1" />
              <MetadataToken>100663301</MetadataToken>
              <Name>System.Void Test.Prijava::.ctor(System.String,System.String)</Name>
              <FileRef uid="7" />
              <SequencePoints>
                <SequencePoint vc="4" uspid="133" ordinal="0" offset="0" sl="21" sc="9" el="21" ec="50" bec="0" bev="0" fileid="7" />
                <SequencePoint vc="4" uspid="134" ordinal="1" offset="7" sl="22" sc="9" el="22" ec="10" bec="0" bev="0" fileid="7" />
                <SequencePoint vc="4" uspid="135" ordinal="2" offset="8" sl="23" sc="13" el="23" ec="32" bec="0" bev="0" fileid="7" />
                <SequencePoint vc="4" uspid="136" ordinal="3" offset="16" sl="24" sc="13" el="24" ec="30" bec="0" bev="0" fileid="7" />
                <SequencePoint vc="4" uspid="137" ordinal="4" offset="24" sl="26" sc="13" el="26" ec="107" bec="0" bev="0" fileid="7" />
                <SequencePoint vc="4" uspid="138" ordinal="5" offset="40" sl="27" sc="13" el="27" ec="43" bec="0" bev="0" fileid="7" />
                <SequencePoint vc="4" uspid="139" ordinal="6" offset="51" sl="28" sc="13" el="28" ec="46" bec="0" bev="0" fileid="7" />
                <SequencePoint vc="4" uspid="140" ordinal="7" offset="62" sl="29" sc="9" el="29" ec="10" bec="0" bev="0" fileid="7" />
              </SequencePoints>
              <BranchPoints />
              <MethodPoint xsi:type="SequencePoint" vc="4" uspid="133" ordinal="0" offset="0" sl="21" sc="9" el="21" ec="50" bec="0" bev="0" fileid="7" />
            </Method>
            <Method visited="true" cyclomaticComplexity="3" nPathComplexity="4" sequenceCoverage="87.5" branchCoverage="100" crapScore="3.02" isConstructor="false" isStatic="false" isGetter="false" isSetter="false">
              <Summary numSequencePoints="24" visitedSequencePoints="21" numBranchPoints="5" visitedBranchPoints="5" sequenceCoverage="87.5" branchCoverage="100" maxCyclomaticComplexity="3" minCyclomaticComplexity="3" maxCrapScore="3.02" minCrapScore="3.02" visitedClasses="0" numClasses="0" visitedMethods="1" numMethods="1" />
              <MetadataToken>100663302</MetadataToken>
              <Name>System.String Test.Prijava::Provjera()</Name>
              <FileRef uid="7" />
              <SequencePoints>
                <SequencePoint vc="4" uspid="141" ordinal="0" offset="0" sl="32" sc="9" el="32" ec="10" bec="0" bev="0" fileid="7" />
                <SequencePoint vc="4" uspid="142" ordinal="1" offset="1" sl="34" sc="13" el="34" ec="14" bec="0" bev="0" fileid="7" />
                <SequencePoint vc="4" uspid="143" ordinal="2" offset="2" sl="35" sc="17" el="35" ec="28" bec="0" bev="0" fileid="7" />
                <SequencePoint vc="4" uspid="144" ordinal="3" offset="14" sl="36" sc="17" el="36" ec="90" bec="0" bev="0" fileid="7" />
                <SequencePoint vc="4" uspid="145" ordinal="4" offset="36" sl="37" sc="17" el="37" ec="55" bec="0" bev="0" fileid="7" />
                <SequencePoint vc="4" uspid="146" ordinal="5" offset="54" sl="38" sc="17" el="38" ec="60" bec="0" bev="0" fileid="7" />
                <SequencePoint vc="4" uspid="147" ordinal="6" offset="66" sl="39" sc="17" el="39" ec="42" bec="2" bev="2" fileid="7" />
                <SequencePoint vc="2" uspid="148" ordinal="7" offset="81" sl="40" sc="17" el="40" ec="18" bec="0" bev="0" fileid="7" />
                <SequencePoint vc="2" uspid="149" ordinal="8" offset="82" sl="41" sc="21" el="41" ec="33" bec="0" bev="0" fileid="7" />
                <SequencePoint vc="2" uspid="150" ordinal="9" offset="94" sl="42" sc="21" el="42" ec="76" bec="0" bev="0" fileid="7" />
                <SequencePoint vc="2" uspid="151" ordinal="10" offset="106" sl="44" sc="17" el="44" ec="112" bec="0" bev="0" fileid="7" />
                <SequencePoint vc="2" uspid="152" ordinal="11" offset="160" sl="45" sc="17" el="45" ec="55" bec="0" bev="0" fileid="7" />
                <SequencePoint vc="2" uspid="153" ordinal="12" offset="178" sl="46" sc="17" el="46" ec="60" bec="0" bev="0" fileid="7" />
                <SequencePoint vc="2" uspid="154" ordinal="13" offset="190" sl="47" sc="17" el="47" ec="42" bec="2" bev="2" fileid="7" />
                <SequencePoint vc="1" uspid="155" ordinal="14" offset="205" sl="48" sc="17" el="48" ec="18" bec="0" bev="0" fileid="7" />
                <SequencePoint vc="1" uspid="156" ordinal="15" offset="206" sl="49" sc="21" el="49" ec="33" bec="0" bev="0" fileid="7" />
                <SequencePoint vc="1" uspid="157" ordinal="16" offset="218" sl="50" sc="21" el="50" ec="50" bec="0" bev="0" fileid="7" />
                <SequencePoint vc="1" uspid="158" ordinal="17" offset="227" sl="52" sc="17" el="52" ec="29" bec="0" bev="0" fileid="7" />
                <SequencePoint vc="1" uspid="159" ordinal="18" offset="239" sl="53" sc="13" el="53" ec="14" bec="0" bev="0" fileid="7" />
                <SequencePoint vc="0" uspid="160" ordinal="19" offset="242" sl="54" sc="13" el="54" ec="34" bec="0" bev="0" fileid="7" />
                <SequencePoint vc="0" uspid="161" ordinal="20" offset="244" sl="55" sc="13" el="55" ec="14" bec="0" bev="0" fileid="7" />
                <SequencePoint vc="0" uspid="162" ordinal="21" offset="245" sl="56" sc="17" el="56" ec="39" bec="0" bev="0" fileid="7" />
                <SequencePoint vc="1" uspid="163" ordinal="22" offset="256" sl="58" sc="13" el="58" ec="34" bec="0" bev="0" fileid="7" />
                <SequencePoint vc="4" uspid="164" ordinal="23" offset="265" sl="59" sc="9" el="59" ec="10" bec="0" bev="0" fileid="7" />
              </SequencePoints>
              <BranchPoints>
                <BranchPoint vc="2" uspid="165" ordinal="0" offset="79" sl="39" path="0" offsetend="81" fileid="7" />
                <BranchPoint vc="2" uspid="166" ordinal="1" offset="79" sl="39" path="1" offsetend="106" fileid="7" />
                <BranchPoint vc="1" uspid="167" ordinal="2" offset="203" sl="47" path="0" offsetend="205" fileid="7" />
                <BranchPoint vc="1" uspid="168" ordinal="3" offset="203" sl="47" path="1" offsetend="227" fileid="7" />
              </BranchPoints>
              <MethodPoint xsi:type="SequencePoint" vc="4" uspid="141" ordinal="0" offset="0" sl="32" sc="9" el="32" ec="10" bec="0" bev="0" fileid="7" />
            </Method>
            <Method visited="false" cyclomaticComplexity="2" nPathComplexity="2" sequenceCoverage="0" branchCoverage="0" crapScore="6" isConstructor="false" isStatic="false" isGetter="false" isSetter="false">
              <Summary numSequencePoints="27" visitedSequencePoints="0" numBranchPoints="3" visitedBranchPoints="0" sequenceCoverage="0" branchCoverage="0" maxCyclomaticComplexity="2" minCyclomaticComplexity="2" maxCrapScore="6" minCrapScore="6" visitedClasses="0" numClasses="0" visitedMethods="0" numMethods="1" />
              <MetadataToken>100663303</MetadataToken>
              <Name>System.Void Test.Prijava::otvoriAplikaciju(Backlog.Login)</Name>
              <FileRef uid="7" />
              <SequencePoints>
                <SequencePoint vc="0" uspid="169" ordinal="0" offset="13" sl="62" sc="9" el="62" ec="10" bec="0" bev="0" fileid="7" />
                <SequencePoint vc="0" uspid="170" ordinal="1" offset="14" sl="64" sc="13" el="64" ec="14" bec="0" bev="0" fileid="7" />
                <SequencePoint vc="0" uspid="171" ordinal="2" offset="15" sl="65" sc="17" el="65" ec="28" bec="0" bev="0" fileid="7" />
                <SequencePoint vc="0" uspid="172" ordinal="3" offset="27" sl="66" sc="17" el="66" ec="111" bec="0" bev="0" fileid="7" />
                <SequencePoint vc="0" uspid="173" ordinal="4" offset="81" sl="67" sc="17" el="67" ec="54" bec="0" bev="0" fileid="7" />
                <SequencePoint vc="0" uspid="174" ordinal="5" offset="99" sl="68" sc="17" el="68" ec="59" bec="0" bev="0" fileid="7" />
                <SequencePoint vc="0" uspid="175" ordinal="6" offset="111" sl="69" sc="17" el="69" ec="28" bec="0" bev="0" fileid="7" />
                <SequencePoint vc="0" uspid="176" ordinal="7" offset="118" sl="70" sc="17" el="70" ec="62" bec="0" bev="0" fileid="7" />
                <SequencePoint vc="0" uspid="177" ordinal="8" offset="136" sl="71" sc="17" el="71" ec="29" bec="2" bev="0" fileid="7" />
                <SequencePoint vc="0" uspid="178" ordinal="9" offset="143" sl="72" sc="17" el="72" ec="18" bec="0" bev="0" fileid="7" />
                <SequencePoint vc="0" uspid="179" ordinal="10" offset="144" sl="73" sc="21" el="73" ec="32" bec="0" bev="0" fileid="7" />
                <SequencePoint vc="0" uspid="180" ordinal="11" offset="156" sl="74" sc="21" el="74" ec="53" bec="0" bev="0" fileid="7" />
                <SequencePoint vc="0" uspid="181" ordinal="12" offset="163" sl="75" sc="21" el="75" ec="66" bec="0" bev="0" fileid="7" />
                <SequencePoint vc="0" uspid="182" ordinal="13" offset="183" sl="76" sc="21" el="76" ec="38" bec="0" bev="0" fileid="7" />
                <SequencePoint vc="0" uspid="183" ordinal="14" offset="191" sl="77" sc="17" el="77" ec="18" bec="0" bev="0" fileid="7" />
                <SequencePoint vc="0" uspid="184" ordinal="15" offset="194" sl="79" sc="17" el="79" ec="18" bec="0" bev="0" fileid="7" />
                <SequencePoint vc="0" uspid="185" ordinal="16" offset="195" sl="80" sc="21" el="80" ec="32" bec="0" bev="0" fileid="7" />
                <SequencePoint vc="0" uspid="186" ordinal="17" offset="207" sl="81" sc="21" el="81" ec="51" bec="0" bev="0" fileid="7" />
                <SequencePoint vc="0" uspid="187" ordinal="18" offset="214" sl="82" sc="21" el="82" ec="65" bec="0" bev="0" fileid="7" />
                <SequencePoint vc="0" uspid="188" ordinal="19" offset="234" sl="83" sc="21" el="83" ec="37" bec="0" bev="0" fileid="7" />
                <SequencePoint vc="0" uspid="189" ordinal="20" offset="242" sl="84" sc="17" el="84" ec="18" bec="0" bev="0" fileid="7" />
                <SequencePoint vc="0" uspid="190" ordinal="21" offset="243" sl="85" sc="13" el="85" ec="14" bec="0" bev="0" fileid="7" />
                <SequencePoint vc="0" uspid="191" ordinal="22" offset="246" sl="86" sc="13" el="86" ec="32" bec="0" bev="0" fileid="7" />
                <SequencePoint vc="0" uspid="192" ordinal="23" offset="248" sl="87" sc="13" el="87" ec="14" bec="0" bev="0" fileid="7" />
                <SequencePoint vc="0" uspid="193" ordinal="24" offset="249" sl="88" sc="17" el="88" ec="48" bec="0" bev="0" fileid="7" />
                <SequencePoint vc="0" uspid="194" ordinal="25" offset="262" sl="89" sc="13" el="89" ec="14" bec="0" bev="0" fileid="7" />
                <SequencePoint vc="0" uspid="195" ordinal="26" offset="265" sl="92" sc="9" el="92" ec="10" bec="0" bev="0" fileid="7" />
              </SequencePoints>
              <BranchPoints>
                <BranchPoint vc="0" uspid="196" ordinal="0" offset="141" sl="71" path="0" offsetend="143" fileid="7" />
                <BranchPoint vc="0" uspid="197" ordinal="1" offset="141" sl="71" path="1" offsetend="194" fileid="7" />
              </BranchPoints>
              <MethodPoint vc="0" uspid="198" ordinal="0" offset="0" />
            </Method>
          </Methods>
        </Class>
        <Class>
          <Summary numSequencePoints="2" visitedSequencePoints="0" numBranchPoints="2" visitedBranchPoints="0" sequenceCoverage="0" branchCoverage="0" maxCyclomaticComplexity="1" minCyclomaticComplexity="1" maxCrapScore="2" minCrapScore="2" visitedClasses="0" numClasses="1" visitedMethods="0" numMethods="2" />
          <FullName>Test.Prijava/&lt;&gt;c__DisplayClass13_0</FullName>
          <Methods>
            <Method visited="false" cyclomaticComplexity="1" nPathComplexity="0" sequenceCoverage="0" branchCoverage="0" crapScore="2" isConstructor="true" isStatic="false" isGetter="false" isSetter="false">
              <Summary numSequencePoints="0" visitedSequencePoints="0" numBranchPoints="0" visitedBranchPoints="0" sequenceCoverage="0" branchCoverage="0" maxCyclomaticComplexity="1" minCyclomaticComplexity="1" maxCrapScore="2" minCrapScore="2" visitedClasses="0" numClasses="0" visitedMethods="0" numMethods="0" />
              <MetadataToken>100663389</MetadataToken>
              <Name>System.Void Test.Prijava/&lt;&gt;c__DisplayClass13_0::.ctor()</Name>
              <SequencePoints />
              <BranchPoints />
              <MethodPoint vc="0" uspid="199" ordinal="0" offset="0" />
            </Method>
            <Method visited="false" cyclomaticComplexity="1" nPathComplexity="0" sequenceCoverage="0" branchCoverage="0" crapScore="2" isConstructor="false" isStatic="false" isGetter="false" isSetter="false">
              <Summary numSequencePoints="1" visitedSequencePoints="0" numBranchPoints="1" visitedBranchPoints="0" sequenceCoverage="0" branchCoverage="0" maxCyclomaticComplexity="1" minCyclomaticComplexity="1" maxCrapScore="2" minCrapScore="2" visitedClasses="0" numClasses="0" visitedMethods="0" numMethods="1" />
              <MetadataToken>100663390</MetadataToken>
              <Name>System.Void Test.Prijava/&lt;&gt;c__DisplayClass13_0::&lt;otvoriAplikaciju&gt;b__0(System.Object,System.EventArgs)</Name>
              <FileRef uid="7" />
              <SequencePoints>
                <SequencePoint vc="0" uspid="200" ordinal="0" offset="0" sl="75" sc="54" el="75" ec="65" bec="0" bev="0" fileid="7" />
              </SequencePoints>
              <BranchPoints />
              <MethodPoint xsi:type="SequencePoint" vc="0" uspid="200" ordinal="0" offset="0" sl="75" sc="54" el="75" ec="65" bec="0" bev="0" fileid="7" />
            </Method>
            <Method visited="false" cyclomaticComplexity="1" nPathComplexity="0" sequenceCoverage="0" branchCoverage="0" crapScore="2" isConstructor="false" isStatic="false" isGetter="false" isSetter="false">
              <Summary numSequencePoints="1" visitedSequencePoints="0" numBranchPoints="1" visitedBranchPoints="0" sequenceCoverage="0" branchCoverage="0" maxCyclomaticComplexity="1" minCyclomaticComplexity="1" maxCrapScore="2" minCrapScore="2" visitedClasses="0" numClasses="0" visitedMethods="0" numMethods="1" />
              <MetadataToken>100663391</MetadataToken>
              <Name>System.Void Test.Prijava/&lt;&gt;c__DisplayClass13_0::&lt;otvoriAplikaciju&gt;b__1(System.Object,System.EventArgs)</Name>
              <FileRef uid="7" />
              <SequencePoints>
                <SequencePoint vc="0" uspid="201" ordinal="0" offset="0" sl="82" sc="53" el="82" ec="64" bec="0" bev="0" fileid="7" />
              </SequencePoints>
              <BranchPoints />
              <MethodPoint xsi:type="SequencePoint" vc="0" uspid="201" ordinal="0" offset="0" sl="82" sc="53" el="82" ec="64" bec="0" bev="0" fileid="7" />
            </Method>
          </Methods>
        </Class>
        <Class>
          <Summary numSequencePoints="64" visitedSequencePoints="56" numBranchPoints="34" visitedBranchPoints="32" sequenceCoverage="87.5" branchCoverage="94.12" maxCyclomaticComplexity="10" minCyclomaticComplexity="1" maxCrapScore="10.05" minCrapScore="1" visitedClasses="1" numClasses="1" visitedMethods="14" numMethods="14" />
          <FullName>Test.Registracija</FullName>
          <Methods>
            <Method visited="true" cyclomaticComplexity="1" nPathComplexity="0" sequenceCoverage="100" branchCoverage="100" crapScore="1" isConstructor="false" isStatic="false" isGetter="true" isSetter="false">
              <Summary numSequencePoints="1" visitedSequencePoints="1" numBranchPoints="1" visitedBranchPoints="1" sequenceCoverage="100" branchCoverage="100" maxCyclomaticComplexity="1" minCyclomaticComplexity="1" maxCrapScore="1" minCrapScore="1" visitedClasses="0" numClasses="0" visitedMethods="1" numMethods="1" />
              <MetadataToken>100663304</MetadataToken>
              <Name>System.String Test.Registracija::get_ime()</Name>
              <FileRef uid="9" />
              <SequencePoints>
                <SequencePoint vc="10" uspid="202" ordinal="0" offset="0" sl="20" sc="29" el="20" ec="33" bec="0" bev="0" fileid="9" />
              </SequencePoints>
              <BranchPoints />
              <MethodPoint xsi:type="SequencePoint" vc="10" uspid="202" ordinal="0" offset="0" sl="20" sc="29" el="20" ec="33" bec="0" bev="0" fileid="9" />
            </Method>
            <Method visited="true" cyclomaticComplexity="1" nPathComplexity="0" sequenceCoverage="100" branchCoverage="100" crapScore="1" isConstructor="false" isStatic="false" isGetter="false" isSetter="true">
              <Summary numSequencePoints="1" visitedSequencePoints="1" numBranchPoints="1" visitedBranchPoints="1" sequenceCoverage="100" branchCoverage="100" maxCyclomaticComplexity="1" minCyclomaticComplexity="1" maxCrapScore="1" minCrapScore="1" visitedClasses="0" numClasses="0" visitedMethods="1" numMethods="1" />
              <MetadataToken>100663305</MetadataToken>
              <Name>System.Void Test.Registracija::set_ime(System.String)</Name>
              <FileRef uid="9" />
              <SequencePoints>
                <SequencePoint vc="8" uspid="203" ordinal="0" offset="0" sl="20" sc="34" el="20" ec="46" bec="0" bev="0" fileid="9" />
              </SequencePoints>
              <BranchPoints />
              <MethodPoint xsi:type="SequencePoint" vc="8" uspid="203" ordinal="0" offset="0" sl="20" sc="34" el="20" ec="46" bec="0" bev="0" fileid="9" />
            </Method>
            <Method visited="true" cyclomaticComplexity="1" nPathComplexity="0" sequenceCoverage="100" branchCoverage="100" crapScore="1" isConstructor="false" isStatic="false" isGetter="true" isSetter="false">
              <Summary numSequencePoints="1" visitedSequencePoints="1" numBranchPoints="1" visitedBranchPoints="1" sequenceCoverage="100" branchCoverage="100" maxCyclomaticComplexity="1" minCyclomaticComplexity="1" maxCrapScore="1" minCrapScore="1" visitedClasses="0" numClasses="0" visitedMethods="1" numMethods="1" />
              <MetadataToken>100663306</MetadataToken>
              <Name>System.String Test.Registracija::get_prezime()</Name>
              <FileRef uid="9" />
              <SequencePoints>
                <SequencePoint vc="8" uspid="204" ordinal="0" offset="0" sl="21" sc="33" el="21" ec="37" bec="0" bev="0" fileid="9" />
              </SequencePoints>
              <BranchPoints />
              <MethodPoint xsi:type="SequencePoint" vc="8" uspid="204" ordinal="0" offset="0" sl="21" sc="33" el="21" ec="37" bec="0" bev="0" fileid="9" />
            </Method>
            <Method visited="true" cyclomaticComplexity="1" nPathComplexity="0" sequenceCoverage="100" branchCoverage="100" crapScore="1" isConstructor="false" isStatic="false" isGetter="false" isSetter="true">
              <Summary numSequencePoints="1" visitedSequencePoints="1" numBranchPoints="1" visitedBranchPoints="1" sequenceCoverage="100" branchCoverage="100" maxCyclomaticComplexity="1" minCyclomaticComplexity="1" maxCrapScore="1" minCrapScore="1" visitedClasses="0" numClasses="0" visitedMethods="1" numMethods="1" />
              <MetadataToken>100663307</MetadataToken>
              <Name>System.Void Test.Registracija::set_prezime(System.String)</Name>
              <FileRef uid="9" />
              <SequencePoints>
                <SequencePoint vc="8" uspid="205" ordinal="0" offset="0" sl="21" sc="38" el="21" ec="50" bec="0" bev="0" fileid="9" />
              </SequencePoints>
              <BranchPoints />
              <MethodPoint xsi:type="SequencePoint" vc="8" uspid="205" ordinal="0" offset="0" sl="21" sc="38" el="21" ec="50" bec="0" bev="0" fileid="9" />
            </Method>
            <Method visited="true" cyclomaticComplexity="1" nPathComplexity="0" sequenceCoverage="100" branchCoverage="100" crapScore="1" isConstructor="false" isStatic="false" isGetter="true" isSetter="false">
              <Summary numSequencePoints="1" visitedSequencePoints="1" numBranchPoints="1" visitedBranchPoints="1" sequenceCoverage="100" branchCoverage="100" maxCyclomaticComplexity="1" minCyclomaticComplexity="1" maxCrapScore="1" minCrapScore="1" visitedClasses="0" numClasses="0" visitedMethods="1" numMethods="1" />
              <MetadataToken>100663308</MetadataToken>
              <Name>System.String Test.Registracija::get_uName()</Name>
              <FileRef uid="9" />
              <SequencePoints>
                <SequencePoint vc="8" uspid="206" ordinal="0" offset="0" sl="22" sc="31" el="22" ec="35" bec="0" bev="0" fileid="9" />
              </SequencePoints>
              <BranchPoints />
              <MethodPoint xsi:type="SequencePoint" vc="8" uspid="206" ordinal="0" offset="0" sl="22" sc="31" el="22" ec="35" bec="0" bev="0" fileid="9" />
            </Method>
            <Method visited="true" cyclomaticComplexity="1" nPathComplexity="0" sequenceCoverage="100" branchCoverage="100" crapScore="1" isConstructor="false" isStatic="false" isGetter="false" isSetter="true">
              <Summary numSequencePoints="1" visitedSequencePoints="1" numBranchPoints="1" visitedBranchPoints="1" sequenceCoverage="100" branchCoverage="100" maxCyclomaticComplexity="1" minCyclomaticComplexity="1" maxCrapScore="1" minCrapScore="1" visitedClasses="0" numClasses="0" visitedMethods="1" numMethods="1" />
              <MetadataToken>100663309</MetadataToken>
              <Name>System.Void Test.Registracija::set_uName(System.String)</Name>
              <FileRef uid="9" />
              <SequencePoints>
                <SequencePoint vc="8" uspid="207" ordinal="0" offset="0" sl="22" sc="36" el="22" ec="48" bec="0" bev="0" fileid="9" />
              </SequencePoints>
              <BranchPoints />
              <MethodPoint xsi:type="SequencePoint" vc="8" uspid="207" ordinal="0" offset="0" sl="22" sc="36" el="22" ec="48" bec="0" bev="0" fileid="9" />
            </Method>
            <Method visited="true" cyclomaticComplexity="1" nPathComplexity="0" sequenceCoverage="100" branchCoverage="100" crapScore="1" isConstructor="false" isStatic="false" isGetter="true" isSetter="false">
              <Summary numSequencePoints="1" visitedSequencePoints="1" numBranchPoints="1" visitedBranchPoints="1" sequenceCoverage="100" branchCoverage="100" maxCyclomaticComplexity="1" minCyclomaticComplexity="1" maxCrapScore="1" minCrapScore="1" visitedClasses="0" numClasses="0" visitedMethods="1" numMethods="1" />
              <MetadataToken>100663310</MetadataToken>
              <Name>System.String Test.Registracija::get_pass()</Name>
              <FileRef uid="9" />
              <SequencePoints>
                <SequencePoint vc="7" uspid="208" ordinal="0" offset="0" sl="23" sc="30" el="23" ec="34" bec="0" bev="0" fileid="9" />
              </SequencePoints>
              <BranchPoints />
              <MethodPoint xsi:type="SequencePoint" vc="7" uspid="208" ordinal="0" offset="0" sl="23" sc="30" el="23" ec="34" bec="0" bev="0" fileid="9" />
            </Method>
            <Method visited="true" cyclomaticComplexity="1" nPathComplexity="0" sequenceCoverage="100" branchCoverage="100" crapScore="1" isConstructor="false" isStatic="false" isGetter="false" isSetter="true">
              <Summary numSequencePoints="1" visitedSequencePoints="1" numBranchPoints="1" visitedBranchPoints="1" sequenceCoverage="100" branchCoverage="100" maxCyclomaticComplexity="1" minCyclomaticComplexity="1" maxCrapScore="1" minCrapScore="1" visitedClasses="0" numClasses="0" visitedMethods="1" numMethods="1" />
              <MetadataToken>100663311</MetadataToken>
              <Name>System.Void Test.Registracija::set_pass(System.String)</Name>
              <FileRef uid="9" />
              <SequencePoints>
                <SequencePoint vc="8" uspid="209" ordinal="0" offset="0" sl="23" sc="35" el="23" ec="47" bec="0" bev="0" fileid="9" />
              </SequencePoints>
              <BranchPoints />
              <MethodPoint xsi:type="SequencePoint" vc="8" uspid="209" ordinal="0" offset="0" sl="23" sc="35" el="23" ec="47" bec="0" bev="0" fileid="9" />
            </Method>
            <Method visited="true" cyclomaticComplexity="1" nPathComplexity="0" sequenceCoverage="100" branchCoverage="100" crapScore="1" isConstructor="false" isStatic="false" isGetter="true" isSetter="false">
              <Summary numSequencePoints="1" visitedSequencePoints="1" numBranchPoints="1" visitedBranchPoints="1" sequenceCoverage="100" branchCoverage="100" maxCyclomaticComplexity="1" minCyclomaticComplexity="1" maxCrapScore="1" minCrapScore="1" visitedClasses="0" numClasses="0" visitedMethods="1" numMethods="1" />
              <MetadataToken>100663312</MetadataToken>
              <Name>System.String Test.Registracija::get_passConf()</Name>
              <FileRef uid="9" />
              <SequencePoints>
                <SequencePoint vc="2" uspid="210" ordinal="0" offset="0" sl="24" sc="34" el="24" ec="38" bec="0" bev="0" fileid="9" />
              </SequencePoints>
              <BranchPoints />
              <MethodPoint xsi:type="SequencePoint" vc="2" uspid="210" ordinal="0" offset="0" sl="24" sc="34" el="24" ec="38" bec="0" bev="0" fileid="9" />
            </Method>
            <Method visited="true" cyclomaticComplexity="1" nPathComplexity="0" sequenceCoverage="100" branchCoverage="100" crapScore="1" isConstructor="false" isStatic="false" isGetter="false" isSetter="true">
              <Summary numSequencePoints="1" visitedSequencePoints="1" numBranchPoints="1" visitedBranchPoints="1" sequenceCoverage="100" branchCoverage="100" maxCyclomaticComplexity="1" minCyclomaticComplexity="1" maxCrapScore="1" minCrapScore="1" visitedClasses="0" numClasses="0" visitedMethods="1" numMethods="1" />
              <MetadataToken>100663313</MetadataToken>
              <Name>System.Void Test.Registracija::set_passConf(System.String)</Name>
              <FileRef uid="9" />
              <SequencePoints>
                <SequencePoint vc="8" uspid="211" ordinal="0" offset="0" sl="24" sc="39" el="24" ec="51" bec="0" bev="0" fileid="9" />
              </SequencePoints>
              <BranchPoints />
              <MethodPoint xsi:type="SequencePoint" vc="8" uspid="211" ordinal="0" offset="0" sl="24" sc="39" el="24" ec="51" bec="0" bev="0" fileid="9" />
            </Method>
            <Method visited="true" cyclomaticComplexity="1" nPathComplexity="0" sequenceCoverage="100" branchCoverage="100" crapScore="1" isConstructor="true" isStatic="false" isGetter="false" isSetter="false">
              <Summary numSequencePoints="11" visitedSequencePoints="11" numBranchPoints="1" visitedBranchPoints="1" sequenceCoverage="100" branchCoverage="100" maxCyclomaticComplexity="1" minCyclomaticComplexity="1" maxCrapScore="1" minCrapScore="1" visitedClasses="0" numClasses="0" visitedMethods="1" numMethods="1" />
              <MetadataToken>100663314</MetadataToken>
              <Name>System.Void Test.Registracija::.ctor(System.String,System.String,System.String,System.String,System.String)</Name>
              <FileRef uid="9" />
              <SequencePoints>
                <SequencePoint vc="8" uspid="212" ordinal="0" offset="0" sl="25" sc="9" el="25" ec="100" bec="0" bev="0" fileid="9" />
                <SequencePoint vc="8" uspid="213" ordinal="1" offset="7" sl="26" sc="9" el="26" ec="10" bec="0" bev="0" fileid="9" />
                <SequencePoint vc="8" uspid="214" ordinal="2" offset="8" sl="27" sc="13" el="27" ec="107" bec="0" bev="0" fileid="9" />
                <SequencePoint vc="8" uspid="215" ordinal="3" offset="24" sl="28" sc="13" el="28" ec="43" bec="0" bev="0" fileid="9" />
                <SequencePoint vc="8" uspid="216" ordinal="4" offset="35" sl="29" sc="13" el="29" ec="46" bec="0" bev="0" fileid="9" />
                <SequencePoint vc="8" uspid="217" ordinal="5" offset="46" sl="31" sc="13" el="31" ec="28" bec="0" bev="0" fileid="9" />
                <SequencePoint vc="8" uspid="218" ordinal="6" offset="54" sl="32" sc="13" el="32" ec="36" bec="0" bev="0" fileid="9" />
                <SequencePoint vc="8" uspid="219" ordinal="7" offset="62" sl="33" sc="13" el="33" ec="32" bec="0" bev="0" fileid="9" />
                <SequencePoint vc="8" uspid="220" ordinal="8" offset="70" sl="34" sc="13" el="34" ec="30" bec="0" bev="0" fileid="9" />
                <SequencePoint vc="8" uspid="221" ordinal="9" offset="79" sl="35" sc="13" el="35" ec="38" bec="0" bev="0" fileid="9" />
                <SequencePoint vc="8" uspid="222" ordinal="10" offset="88" sl="36" sc="9" el="36" ec="10" bec="0" bev="0" fileid="9" />
              </SequencePoints>
              <BranchPoints />
              <MethodPoint xsi:type="SequencePoint" vc="8" uspid="212" ordinal="0" offset="0" sl="25" sc="9" el="25" ec="100" bec="0" bev="0" fileid="9" />
            </Method>
            <Method visited="true" cyclomaticComplexity="10" nPathComplexity="512" sequenceCoverage="92.31" branchCoverage="89.47" crapScore="10.05" isConstructor="false" isStatic="false" isGetter="false" isSetter="false">
              <Summary numSequencePoints="13" visitedSequencePoints="12" numBranchPoints="19" visitedBranchPoints="17" sequenceCoverage="92.31" branchCoverage="89.47" maxCyclomaticComplexity="10" minCyclomaticComplexity="10" maxCrapScore="10.05" minCrapScore="10.05" visitedClasses="0" numClasses="0" visitedMethods="1" numMethods="1" />
              <MetadataToken>100663315</MetadataToken>
              <Name>System.String Test.Registracija::Provjera()</Name>
              <FileRef uid="9" />
              <SequencePoints>
                <SequencePoint vc="5" uspid="223" ordinal="0" offset="0" sl="38" sc="9" el="38" ec="10" bec="0" bev="0" fileid="9" />
                <SequencePoint vc="5" uspid="224" ordinal="1" offset="1" sl="39" sc="13" el="39" ec="51" bec="4" bev="4" fileid="9" />
                <SequencePoint vc="1" uspid="225" ordinal="2" offset="37" sl="40" sc="17" el="40" ec="69" bec="0" bev="0" fileid="9" />
                <SequencePoint vc="4" uspid="226" ordinal="3" offset="48" sl="41" sc="13" el="41" ec="59" bec="4" bev="4" fileid="9" />
                <SequencePoint vc="1" uspid="227" ordinal="4" offset="84" sl="42" sc="17" el="42" ec="73" bec="0" bev="0" fileid="9" />
                <SequencePoint vc="3" uspid="228" ordinal="5" offset="95" sl="43" sc="13" el="43" ec="55" bec="4" bev="4" fileid="9" />
                <SequencePoint vc="1" uspid="229" ordinal="6" offset="131" sl="44" sc="17" el="44" ec="80" bec="0" bev="0" fileid="9" />
                <SequencePoint vc="2" uspid="230" ordinal="7" offset="139" sl="45" sc="13" el="45" ec="53" bec="4" bev="2" fileid="9" />
                <SequencePoint vc="0" uspid="231" ordinal="8" offset="177" sl="46" sc="17" el="46" ec="73" bec="0" bev="0" fileid="9" />
                <SequencePoint vc="2" uspid="232" ordinal="9" offset="185" sl="47" sc="13" el="47" ec="34" bec="2" bev="2" fileid="9" />
                <SequencePoint vc="1" uspid="233" ordinal="10" offset="208" sl="48" sc="17" el="48" ec="56" bec="0" bev="0" fileid="9" />
                <SequencePoint vc="1" uspid="234" ordinal="11" offset="216" sl="49" sc="13" el="49" ec="53" bec="0" bev="0" fileid="9" />
                <SequencePoint vc="5" uspid="235" ordinal="12" offset="224" sl="50" sc="9" el="50" ec="10" bec="0" bev="0" fileid="9" />
              </SequencePoints>
              <BranchPoints>
                <BranchPoint vc="4" uspid="236" ordinal="0" offset="13" sl="39" path="0" offsetend="15" fileid="9" />
                <BranchPoint vc="1" uspid="237" ordinal="1" offset="13" sl="39" path="1" offsetend="32" fileid="9" />
                <BranchPoint vc="1" uspid="238" ordinal="2" offset="35" sl="39" path="0" offsetend="37" fileid="9" />
                <BranchPoint vc="4" uspid="239" ordinal="3" offset="35" sl="39" path="1" offsetend="48" fileid="9" />
                <BranchPoint vc="3" uspid="240" ordinal="4" offset="60" sl="41" path="0" offsetend="62" fileid="9" />
                <BranchPoint vc="1" uspid="241" ordinal="5" offset="60" sl="41" path="1" offsetend="79" fileid="9" />
                <BranchPoint vc="1" uspid="242" ordinal="6" offset="82" sl="41" path="0" offsetend="84" fileid="9" />
                <BranchPoint vc="3" uspid="243" ordinal="7" offset="82" sl="41" path="1" offsetend="95" fileid="9" />
                <BranchPoint vc="2" uspid="244" ordinal="8" offset="107" sl="43" path="0" offsetend="109" fileid="9" />
                <BranchPoint vc="1" uspid="245" ordinal="9" offset="107" sl="43" path="1" offsetend="126" fileid="9" />
                <BranchPoint vc="1" uspid="246" ordinal="10" offset="129" sl="43" path="0" offsetend="131" fileid="9" />
                <BranchPoint vc="2" uspid="247" ordinal="11" offset="129" sl="43" path="1" offsetend="139" fileid="9" />
                <BranchPoint vc="2" uspid="248" ordinal="12" offset="151" sl="45" path="0" offsetend="153" fileid="9" />
                <BranchPoint vc="0" uspid="249" ordinal="13" offset="151" sl="45" path="1" offsetend="170" fileid="9" />
                <BranchPoint vc="0" uspid="250" ordinal="14" offset="175" sl="45" path="0" offsetend="177" fileid="9" />
                <BranchPoint vc="2" uspid="251" ordinal="15" offset="175" sl="45" path="1" offsetend="185" fileid="9" />
                <BranchPoint vc="1" uspid="252" ordinal="16" offset="206" sl="47" path="0" offsetend="208" fileid="9" />
                <BranchPoint vc="1" uspid="253" ordinal="17" offset="206" sl="47" path="1" offsetend="216" fileid="9" />
              </BranchPoints>
              <MethodPoint xsi:type="SequencePoint" vc="5" uspid="223" ordinal="0" offset="0" sl="38" sc="9" el="38" ec="10" bec="0" bev="0" fileid="9" />
            </Method>
            <Method visited="true" cyclomaticComplexity="2" nPathComplexity="2" sequenceCoverage="82.35" branchCoverage="100" crapScore="2.02" isConstructor="false" isStatic="false" isGetter="false" isSetter="false">
              <Summary numSequencePoints="17" visitedSequencePoints="14" numBranchPoints="3" visitedBranchPoints="3" sequenceCoverage="82.35" branchCoverage="100" maxCyclomaticComplexity="2" minCyclomaticComplexity="2" maxCrapScore="2.02" minCrapScore="2.02" visitedClasses="0" numClasses="0" visitedMethods="1" numMethods="1" />
              <MetadataToken>100663316</MetadataToken>
              <Name>System.String Test.Registracija::uNameZauzet()</Name>
              <FileRef uid="9" />
              <SequencePoints>
                <SequencePoint vc="2" uspid="254" ordinal="0" offset="0" sl="53" sc="9" el="53" ec="10" bec="0" bev="0" fileid="9" />
                <SequencePoint vc="2" uspid="255" ordinal="1" offset="1" sl="55" sc="13" el="55" ec="14" bec="0" bev="0" fileid="9" />
                <SequencePoint vc="2" uspid="256" ordinal="2" offset="2" sl="56" sc="17" el="56" ec="28" bec="0" bev="0" fileid="9" />
                <SequencePoint vc="2" uspid="257" ordinal="3" offset="14" sl="57" sc="17" el="57" ec="89" bec="0" bev="0" fileid="9" />
                <SequencePoint vc="2" uspid="258" ordinal="4" offset="36" sl="58" sc="17" el="58" ec="54" bec="0" bev="0" fileid="9" />
                <SequencePoint vc="2" uspid="259" ordinal="5" offset="54" sl="59" sc="17" el="59" ec="59" bec="0" bev="0" fileid="9" />
                <SequencePoint vc="2" uspid="260" ordinal="6" offset="66" sl="60" sc="17" el="60" ec="40" bec="2" bev="2" fileid="9" />
                <SequencePoint vc="1" uspid="261" ordinal="7" offset="76" sl="61" sc="17" el="61" ec="18" bec="0" bev="0" fileid="9" />
                <SequencePoint vc="1" uspid="262" ordinal="8" offset="77" sl="62" sc="21" el="62" ec="33" bec="0" bev="0" fileid="9" />
                <SequencePoint vc="1" uspid="263" ordinal="9" offset="89" sl="63" sc="21" el="63" ec="89" bec="0" bev="0" fileid="9" />
                <SequencePoint vc="1" uspid="264" ordinal="10" offset="97" sl="65" sc="17" el="65" ec="29" bec="0" bev="0" fileid="9" />
                <SequencePoint vc="1" uspid="265" ordinal="11" offset="109" sl="67" sc="13" el="67" ec="14" bec="0" bev="0" fileid="9" />
                <SequencePoint vc="0" uspid="266" ordinal="12" offset="112" sl="68" sc="13" el="68" ec="34" bec="0" bev="0" fileid="9" />
                <SequencePoint vc="0" uspid="267" ordinal="13" offset="114" sl="69" sc="13" el="69" ec="14" bec="0" bev="0" fileid="9" />
                <SequencePoint vc="0" uspid="268" ordinal="14" offset="115" sl="70" sc="17" el="70" ec="39" bec="0" bev="0" fileid="9" />
                <SequencePoint vc="1" uspid="269" ordinal="15" offset="125" sl="72" sc="13" el="72" ec="35" bec="0" bev="0" fileid="9" />
                <SequencePoint vc="2" uspid="270" ordinal="16" offset="133" sl="73" sc="9" el="73" ec="10" bec="0" bev="0" fileid="9" />
              </SequencePoints>
              <BranchPoints>
                <BranchPoint vc="1" uspid="271" ordinal="0" offset="74" sl="60" path="0" offsetend="76" fileid="9" />
                <BranchPoint vc="1" uspid="272" ordinal="1" offset="74" sl="60" path="1" offsetend="97" fileid="9" />
              </BranchPoints>
              <MethodPoint xsi:type="SequencePoint" vc="2" uspid="254" ordinal="0" offset="0" sl="53" sc="9" el="53" ec="10" bec="0" bev="0" fileid="9" />
            </Method>
            <Method visited="true" cyclomaticComplexity="1" nPathComplexity="0" sequenceCoverage="69.23" branchCoverage="100" crapScore="1.03" isConstructor="false" isStatic="false" isGetter="false" isSetter="false">
              <Summary numSequencePoints="13" visitedSequencePoints="9" numBranchPoints="1" visitedBranchPoints="1" sequenceCoverage="69.23" branchCoverage="100" maxCyclomaticComplexity="1" minCyclomaticComplexity="1" maxCrapScore="1.03" minCrapScore="1.03" visitedClasses="0" numClasses="0" visitedMethods="1" numMethods="1" />
              <MetadataToken>100663317</MetadataToken>
              <Name>System.Boolean Test.Registracija::noviKorisnik()</Name>
[...]
                <SequencePoint vc="0" uspid="842" ordinal="7" offset="67" sl="37" sc="13" el="37" ec="60" bec="0" bev="0" fileid="20" />
                <SequencePoint vc="0" uspid="843" ordinal="8" offset="78" sl="38" sc="13" el="38" ec="68" bec="0" bev="0" fileid="20" />
                <SequencePoint vc="0" uspid="844" ordinal="9" offset="89" sl="39" sc="13" el="39" ec="70" bec="0" bev="0" fileid="20" />
                <SequencePoint vc="0" uspid="845" ordinal="10" offset="100" sl="40" sc="13" el="40" ec="60" bec="0" bev="0" fileid="20" />
                <SequencePoint vc="0" uspid="846" ordinal="11" offset="111" sl="41" sc="13" el="41" ec="63" bec="0" bev="0" fileid="20" />
                <SequencePoint vc="0" uspid="847" ordinal="12" offset="122" sl="42" sc="13" el="42" ec="60" bec="0" bev="0" fileid="20" />
                <SequencePoint vc="0" uspid="848" ordinal="13" offset="133" sl="43" sc="13" el="43" ec="66" bec="0" bev="0" fileid="20" />
                <SequencePoint vc="0" uspid="849" ordinal="14" offset="144" sl="44" sc="13" el="44" ec="60" bec="0" bev="0" fileid="20" />
                <SequencePoint vc="0" uspid="850" ordinal="15" offset="155" sl="45" sc="13" el="45" ec="34" bec="0" bev="0" fileid="20" />
                <SequencePoint vc="0" uspid="851" ordinal="16" offset="162" sl="49" sc="13" el="49" ec="43" bec="0" bev="0" fileid="20" />
                <SequencePoint vc="0" uspid="852" ordinal="17" offset="175" sl="50" sc="13" el="50" ec="72" bec="0" bev="0" fileid="20" />
                <SequencePoint vc="0" uspid="853" ordinal="18" offset="199" sl="51" sc="13" el="51" ec="45" bec="0" bev="0" fileid="20" />
                <SequencePoint vc="0" uspid="854" ordinal="19" offset="216" sl="52" sc="13" el="52" ec="67" bec="0" bev="0" fileid="20" />
                <SequencePoint vc="0" uspid="855" ordinal="20" offset="240" sl="53" sc="13" el="53" ec="41" bec="0" bev="0" fileid="20" />
                <SequencePoint vc="0" uspid="856" ordinal="21" offset="254" sl="54" sc="13" el="54" ec="58" bec="0" bev="0" fileid="20" />
                <SequencePoint vc="0" uspid="857" ordinal="22" offset="271" sl="55" sc="13" el="55" ec="81" bec="0" bev="0" fileid="20" />
                <SequencePoint vc="0" uspid="858" ordinal="23" offset="295" sl="59" sc="13" el="59" ec="75" bec="0" bev="0" fileid="20" />
                <SequencePoint vc="0" uspid="859" ordinal="24" offset="319" sl="60" sc="13" el="60" ec="84" bec="0" bev="0" fileid="20" />
                <SequencePoint vc="0" uspid="860" ordinal="25" offset="340" sl="61" sc="13" el="61" ec="51" bec="0" bev="0" fileid="20" />
                <SequencePoint vc="0" uspid="861" ordinal="26" offset="357" sl="62" sc="13" el="62" ec="70" bec="0" bev="0" fileid="20" />
                <SequencePoint vc="0" uspid="862" ordinal="27" offset="381" sl="63" sc="13" el="63" ec="44" bec="0" bev="0" fileid="20" />
                <SequencePoint vc="0" uspid="863" ordinal="28" offset="395" sl="64" sc="13" el="64" ec="52" bec="0" bev="0" fileid="20" />
                <SequencePoint vc="0" uspid="864" ordinal="29" offset="412" sl="65" sc="13" el="65" ec="61" bec="0" bev="0" fileid="20" />
                <SequencePoint vc="0" uspid="865" ordinal="30" offset="425" sl="66" sc="13" el="66" ec="87" bec="0" bev="0" fileid="20" />
                <SequencePoint vc="0" uspid="866" ordinal="31" offset="449" sl="70" sc="13" el="70" ec="75" bec="0" bev="0" fileid="20" />
                <SequencePoint vc="0" uspid="867" ordinal="32" offset="473" sl="71" sc="13" el="71" ec="84" bec="0" bev="0" fileid="20" />
                <SequencePoint vc="0" uspid="868" ordinal="33" offset="494" sl="72" sc="13" el="72" ec="51" bec="0" bev="0" fileid="20" />
                <SequencePoint vc="0" uspid="869" ordinal="34" offset="511" sl="73" sc="13" el="73" ec="49" bec="0" bev="0" fileid="20" />
                <SequencePoint vc="0" uspid="870" ordinal="35" offset="525" sl="74" sc="13" el="74" ec="70" bec="0" bev="0" fileid="20" />
                <SequencePoint vc="0" uspid="871" ordinal="36" offset="549" sl="75" sc="13" el="75" ec="44" bec="0" bev="0" fileid="20" />
                <SequencePoint vc="0" uspid="872" ordinal="37" offset="563" sl="79" sc="13" el="79" ec="75" bec="0" bev="0" fileid="20" />
                <SequencePoint vc="0" uspid="873" ordinal="38" offset="587" sl="80" sc="13" el="80" ec="84" bec="0" bev="0" fileid="20" />
                <SequencePoint vc="0" uspid="874" ordinal="39" offset="608" sl="81" sc="13" el="81" ec="51" bec="0" bev="0" fileid="20" />
                <SequencePoint vc="0" uspid="875" ordinal="40" offset="625" sl="82" sc="13" el="82" ec="70" bec="0" bev="0" fileid="20" />
                <SequencePoint vc="0" uspid="876" ordinal="41" offset="649" sl="83" sc="13" el="83" ec="44" bec="0" bev="0" fileid="20" />
                <SequencePoint vc="0" uspid="877" ordinal="42" offset="663" sl="87" sc="13" el="87" ec="46" bec="0" bev="0" fileid="20" />
                <SequencePoint vc="0" uspid="878" ordinal="43" offset="676" sl="88" sc="13" el="88" ec="75" bec="0" bev="0" fileid="20" />
                <SequencePoint vc="0" uspid="879" ordinal="44" offset="700" sl="89" sc="13" el="89" ec="51" bec="0" bev="0" fileid="20" />
                <SequencePoint vc="0" uspid="880" ordinal="45" offset="717" sl="90" sc="13" el="90" ec="69" bec="0" bev="0" fileid="20" />
                <SequencePoint vc="0" uspid="881" ordinal="46" offset="738" sl="91" sc="13" el="91" ec="44" bec="0" bev="0" fileid="20" />
                <SequencePoint vc="0" uspid="882" ordinal="47" offset="752" sl="92" sc="13" el="92" ec="47" bec="0" bev="0" fileid="20" />
                <SequencePoint vc="0" uspid="883" ordinal="48" offset="769" sl="96" sc="13" el="96" ec="46" bec="0" bev="0" fileid="20" />
                <SequencePoint vc="0" uspid="884" ordinal="49" offset="782" sl="97" sc="13" el="97" ec="75" bec="0" bev="0" fileid="20" />
                <SequencePoint vc="0" uspid="885" ordinal="50" offset="806" sl="98" sc="13" el="98" ec="51" bec="0" bev="0" fileid="20" />
                <SequencePoint vc="0" uspid="886" ordinal="51" offset="823" sl="99" sc="13" el="99" ec="69" bec="0" bev="0" fileid="20" />
                <SequencePoint vc="0" uspid="887" ordinal="52" offset="844" sl="100" sc="13" el="100" ec="43" bec="0" bev="0" fileid="20" />
                <SequencePoint vc="0" uspid="888" ordinal="53" offset="858" sl="101" sc="13" el="101" ec="54" bec="0" bev="0" fileid="20" />
                <SequencePoint vc="0" uspid="889" ordinal="54" offset="875" sl="105" sc="13" el="105" ec="41" bec="0" bev="0" fileid="20" />
                <SequencePoint vc="0" uspid="890" ordinal="55" offset="888" sl="106" sc="13" el="106" ec="70" bec="0" bev="0" fileid="20" />
                <SequencePoint vc="0" uspid="891" ordinal="56" offset="912" sl="107" sc="13" el="107" ec="41" bec="0" bev="0" fileid="20" />
                <SequencePoint vc="0" uspid="892" ordinal="57" offset="929" sl="108" sc="13" el="108" ec="65" bec="0" bev="0" fileid="20" />
                <SequencePoint vc="0" uspid="893" ordinal="58" offset="950" sl="109" sc="13" el="109" ec="38" bec="0" bev="0" fileid="20" />
                <SequencePoint vc="0" uspid="894" ordinal="59" offset="963" sl="110" sc="13" el="110" ec="47" bec="0" bev="0" fileid="20" />
                <SequencePoint vc="0" uspid="895" ordinal="60" offset="980" sl="114" sc="13" el="114" ec="46" bec="0" bev="0" fileid="20" />
                <SequencePoint vc="0" uspid="896" ordinal="61" offset="993" sl="115" sc="13" el="115" ec="75" bec="0" bev="0" fileid="20" />
                <SequencePoint vc="0" uspid="897" ordinal="62" offset="1017" sl="116" sc="13" el="116" ec="84" bec="0" bev="0" fileid="20" />
                <SequencePoint vc="0" uspid="898" ordinal="63" offset="1038" sl="117" sc="13" el="117" ec="51" bec="0" bev="0" fileid="20" />
                <SequencePoint vc="0" uspid="899" ordinal="64" offset="1055" sl="118" sc="13" el="118" ec="70" bec="0" bev="0" fileid="20" />
                <SequencePoint vc="0" uspid="900" ordinal="65" offset="1076" sl="119" sc="13" el="119" ec="44" bec="0" bev="0" fileid="20" />
                <SequencePoint vc="0" uspid="901" ordinal="66" offset="1090" sl="120" sc="13" el="120" ec="55" bec="0" bev="0" fileid="20" />
                <SequencePoint vc="0" uspid="902" ordinal="67" offset="1107" sl="121" sc="13" el="121" ec="61" bec="0" bev="0" fileid="20" />
                <SequencePoint vc="0" uspid="903" ordinal="68" offset="1120" sl="122" sc="13" el="122" ec="105" bec="0" bev="0" fileid="20" />
                <SequencePoint vc="0" uspid="904" ordinal="69" offset="1144" sl="126" sc="13" el="126" ec="78" bec="0" bev="0" fileid="20" />
                <SequencePoint vc="0" uspid="905" ordinal="70" offset="1168" sl="127" sc="13" el="127" ec="87" bec="0" bev="0" fileid="20" />
                <SequencePoint vc="0" uspid="906" ordinal="71" offset="1189" sl="128" sc="13" el="128" ec="57" bec="0" bev="0" fileid="20" />
                <SequencePoint vc="0" uspid="907" ordinal="72" offset="1206" sl="129" sc="13" el="129" ec="52" bec="0" bev="0" fileid="20" />
                <SequencePoint vc="0" uspid="908" ordinal="73" offset="1220" sl="130" sc="13" el="130" ec="73" bec="0" bev="0" fileid="20" />
                <SequencePoint vc="0" uspid="909" ordinal="74" offset="1244" sl="131" sc="13" el="131" ec="47" bec="0" bev="0" fileid="20" />
                <SequencePoint vc="0" uspid="910" ordinal="75" offset="1258" sl="135" sc="13" el="135" ec="41" bec="0" bev="0" fileid="20" />
                <SequencePoint vc="0" uspid="911" ordinal="76" offset="1271" sl="136" sc="13" el="136" ec="70" bec="0" bev="0" fileid="20" />
                <SequencePoint vc="0" uspid="912" ordinal="77" offset="1295" sl="137" sc="13" el="137" ec="41" bec="0" bev="0" fileid="20" />
                <SequencePoint vc="0" uspid="913" ordinal="78" offset="1312" sl="138" sc="13" el="138" ec="65" bec="0" bev="0" fileid="20" />
                <SequencePoint vc="0" uspid="914" ordinal="79" offset="1333" sl="139" sc="13" el="139" ec="39" bec="0" bev="0" fileid="20" />
                <SequencePoint vc="0" uspid="915" ordinal="80" offset="1347" sl="140" sc="13" el="140" ec="52" bec="0" bev="0" fileid="20" />
                <SequencePoint vc="0" uspid="916" ordinal="81" offset="1364" sl="144" sc="13" el="144" ec="71" bec="0" bev="0" fileid="20" />
                <SequencePoint vc="0" uspid="917" ordinal="82" offset="1388" sl="145" sc="13" el="145" ec="80" bec="0" bev="0" fileid="20" />
                <SequencePoint vc="0" uspid="918" ordinal="83" offset="1409" sl="146" sc="13" el="146" ec="43" bec="0" bev="0" fileid="20" />
                <SequencePoint vc="0" uspid="919" ordinal="84" offset="1426" sl="147" sc="13" el="147" ec="66" bec="0" bev="0" fileid="20" />
                <SequencePoint vc="0" uspid="920" ordinal="85" offset="1450" sl="148" sc="13" el="148" ec="40" bec="0" bev="0" fileid="20" />
                <SequencePoint vc="0" uspid="921" ordinal="86" offset="1464" sl="152" sc="13" el="152" ec="41" bec="0" bev="0" fileid="20" />
                <SequencePoint vc="0" uspid="922" ordinal="87" offset="1477" sl="153" sc="13" el="153" ec="70" bec="0" bev="0" fileid="20" />
                <SequencePoint vc="0" uspid="923" ordinal="88" offset="1501" sl="154" sc="13" el="154" ec="41" bec="0" bev="0" fileid="20" />
                <SequencePoint vc="0" uspid="924" ordinal="89" offset="1518" sl="155" sc="13" el="155" ec="64" bec="0" bev="0" fileid="20" />
                <SequencePoint vc="0" uspid="925" ordinal="90" offset="1539" sl="156" sc="13" el="156" ec="39" bec="0" bev="0" fileid="20" />
                <SequencePoint vc="0" uspid="926" ordinal="91" offset="1553" sl="157" sc="13" el="157" ec="38" bec="0" bev="0" fileid="20" />
                <SequencePoint vc="0" uspid="927" ordinal="92" offset="1570" sl="161" sc="13" el="161" ec="74" bec="0" bev="0" fileid="20" />
                <SequencePoint vc="0" uspid="928" ordinal="93" offset="1594" sl="162" sc="13" el="162" ec="83" bec="0" bev="0" fileid="20" />
                <SequencePoint vc="0" uspid="929" ordinal="94" offset="1615" sl="163" sc="13" el="163" ec="49" bec="0" bev="0" fileid="20" />
                <SequencePoint vc="0" uspid="930" ordinal="95" offset="1632" sl="164" sc="13" el="164" ec="69" bec="0" bev="0" fileid="20" />
                <SequencePoint vc="0" uspid="931" ordinal="96" offset="1656" sl="165" sc="13" el="165" ec="43" bec="0" bev="0" fileid="20" />
                <SequencePoint vc="0" uspid="932" ordinal="97" offset="1670" sl="169" sc="13" el="169" ec="41" bec="0" bev="0" fileid="20" />
                <SequencePoint vc="0" uspid="933" ordinal="98" offset="1683" sl="170" sc="13" el="170" ec="70" bec="0" bev="0" fileid="20" />
                <SequencePoint vc="0" uspid="934" ordinal="99" offset="1707" sl="171" sc="13" el="171" ec="41" bec="0" bev="0" fileid="20" />
                <SequencePoint vc="0" uspid="935" ordinal="100" offset="1724" sl="172" sc="13" el="172" ec="64" bec="0" bev="0" fileid="20" />
                <SequencePoint vc="0" uspid="936" ordinal="101" offset="1745" sl="173" sc="13" el="173" ec="39" bec="0" bev="0" fileid="20" />
                <SequencePoint vc="0" uspid="937" ordinal="102" offset="1759" sl="174" sc="13" el="174" ec="42" bec="0" bev="0" fileid="20" />
                <SequencePoint vc="0" uspid="938" ordinal="103" offset="1776" sl="178" sc="13" el="178" ec="74" bec="0" bev="0" fileid="20" />
                <SequencePoint vc="0" uspid="939" ordinal="104" offset="1798" sl="179" sc="13" el="179" ec="74" bec="0" bev="0" fileid="20" />
                <SequencePoint vc="0" uspid="940" ordinal="105" offset="1806" sl="180" sc="13" el="180" ec="57" bec="0" bev="0" fileid="20" />
                <SequencePoint vc="0" uspid="941" ordinal="106" offset="1818" sl="181" sc="13" el="181" ec="65" bec="0" bev="0" fileid="20" />
                <SequencePoint vc="0" uspid="942" ordinal="107" offset="1840" sl="182" sc="13" el="182" ec="48" bec="0" bev="0" fileid="20" />
                <SequencePoint vc="0" uspid="943" ordinal="108" offset="1858" sl="183" sc="13" el="183" ec="44" bec="0" bev="0" fileid="20" />
                <SequencePoint vc="0" uspid="944" ordinal="109" offset="1876" sl="184" sc="13" el="184" ec="45" bec="0" bev="0" fileid="20" />
                <SequencePoint vc="0" uspid="945" ordinal="110" offset="1894" sl="185" sc="13" el="185" ec="44" bec="0" bev="0" fileid="20" />
                <SequencePoint vc="0" uspid="946" ordinal="111" offset="1912" sl="186" sc="13" el="186" ec="49" bec="0" bev="0" fileid="20" />
                <SequencePoint vc="0" uspid="947" ordinal="112" offset="1930" sl="187" sc="13" el="187" ec="52" bec="0" bev="0" fileid="20" />
                <SequencePoint vc="0" uspid="948" ordinal="113" offset="1948" sl="188" sc="13" el="188" ec="44" bec="0" bev="0" fileid="20" />
                <SequencePoint vc="0" uspid="949" ordinal="114" offset="1966" sl="189" sc="13" el="189" ec="46" bec="0" bev="0" fileid="20" />
                <SequencePoint vc="0" uspid="950" ordinal="115" offset="1984" sl="190" sc="13" el="190" ec="49" bec="0" bev="0" fileid="20" />
                <SequencePoint vc="0" uspid="951" ordinal="116" offset="2002" sl="191" sc="13" el="191" ec="49" bec="0" bev="0" fileid="20" />
                <SequencePoint vc="0" uspid="952" ordinal="117" offset="2020" sl="192" sc="13" el="192" ec="49" bec="0" bev="0" fileid="20" />
                <SequencePoint vc="0" uspid="953" ordinal="118" offset="2038" sl="193" sc="13" el="193" ec="49" bec="0" bev="0" fileid="20" />
                <SequencePoint vc="0" uspid="954" ordinal="119" offset="2056" sl="194" sc="13" el="194" ec="49" bec="0" bev="0" fileid="20" />
                <SequencePoint vc="0" uspid="955" ordinal="120" offset="2074" sl="195" sc="13" el="195" ec="44" bec="0" bev="0" fileid="20" />
                <SequencePoint vc="0" uspid="956" ordinal="121" offset="2092" sl="196" sc="13" el="196" ec="85" bec="0" bev="0" fileid="20" />
                <SequencePoint vc="0" uspid="957" ordinal="122" offset="2100" sl="197" sc="13" el="197" ec="72" bec="0" bev="0" fileid="20" />
                <SequencePoint vc="0" uspid="958" ordinal="123" offset="2116" sl="198" sc="13" el="198" ec="36" bec="0" bev="0" fileid="20" />
                <SequencePoint vc="0" uspid="959" ordinal="124" offset="2128" sl="199" sc="13" el="199" ec="86" bec="0" bev="0" fileid="20" />
                <SequencePoint vc="0" uspid="960" ordinal="125" offset="2136" sl="200" sc="13" el="200" ec="36" bec="0" bev="0" fileid="20" />
                <SequencePoint vc="0" uspid="961" ordinal="126" offset="2148" sl="201" sc="13" el="201" ec="70" bec="0" bev="0" fileid="20" />
                <SequencePoint vc="0" uspid="962" ordinal="127" offset="2167" sl="202" sc="13" el="202" ec="38" bec="0" bev="0" fileid="20" />
                <SequencePoint vc="0" uspid="963" ordinal="128" offset="2175" sl="203" sc="13" el="203" ec="34" bec="0" bev="0" fileid="20" />
                <SequencePoint vc="0" uspid="964" ordinal="129" offset="2182" sl="205" sc="9" el="205" ec="10" bec="0" bev="0" fileid="20" />
              </SequencePoints>
              <BranchPoints />
              <MethodPoint xsi:type="SequencePoint" vc="0" uspid="835" ordinal="0" offset="0" sl="30" sc="9" el="30" ec="10" bec="0" bev="0" fileid="20" />
            </Method>
            <Method visited="false" cyclomaticComplexity="1" nPathComplexity="0" sequenceCoverage="0" branchCoverage="0" crapScore="2" isConstructor="false" isStatic="false" isGetter="false" isSetter="false">
              <Summary numSequencePoints="1" visitedSequencePoints="0" numBranchPoints="1" visitedBranchPoints="0" sequenceCoverage="0" branchCoverage="0" maxCyclomaticComplexity="1" minCyclomaticComplexity="1" maxCrapScore="2" minCrapScore="2" visitedClasses="0" numClasses="0" visitedMethods="0" numMethods="1" />
              <MetadataToken>100663387</MetadataToken>
              <Name>System.Void Backlog.Register::&lt;btnRegister_Click&gt;b__2_0(System.Object,System.EventArgs)</Name>
              <FileRef uid="21" />
              <SequencePoints>
                <SequencePoint vc="0" uspid="965" ordinal="0" offset="0" sl="55" sc="50" el="55" ec="62" bec="0" bev="0" fileid="21" />
              </SequencePoints>
              <BranchPoints />
              <MethodPoint xsi:type="SequencePoint" vc="0" uspid="965" ordinal="0" offset="0" sl="55" sc="50" el="55" ec="62" bec="0" bev="0" fileid="21" />
            </Method>
            <Method visited="false" cyclomaticComplexity="1" nPathComplexity="0" sequenceCoverage="0" branchCoverage="0" crapScore="2" isConstructor="false" isStatic="false" isGetter="false" isSetter="false">
              <Summary numSequencePoints="1" visitedSequencePoints="0" numBranchPoints="1" visitedBranchPoints="0" sequenceCoverage="0" branchCoverage="0" maxCyclomaticComplexity="1" minCyclomaticComplexity="1" maxCrapScore="2" minCrapScore="2" visitedClasses="0" numClasses="0" visitedMethods="0" numMethods="1" />
              <MetadataToken>100663388</MetadataToken>
              <Name>System.Void Backlog.Register::&lt;lblLogin_Click&gt;b__4_0(System.Object,System.EventArgs)</Name>
              <FileRef uid="21" />
              <SequencePoints>
                <SequencePoint vc="0" uspid="966" ordinal="0" offset="0" sl="81" sc="42" el="81" ec="54" bec="0" bev="0" fileid="21" />
              </SequencePoints>
              <BranchPoints />
              <MethodPoint xsi:type="SequencePoint" vc="0" uspid="966" ordinal="0" offset="0" sl="81" sc="42" el="81" ec="54" bec="0" bev="0" fileid="21" />
            </Method>
          </Methods>
        </Class>
      </Classes>
    </Module>
  </Modules>
</CoverageSession>